<?xml version="1.0" encoding="UTF-8"?>
<testng-results skipped="5" failed="0" ignored="0" total="5" passed="0">
  <reporter-output>
  </reporter-output>
  <suite name="Default suite" duration-ms="237" started-at="2018-06-21T07:25:49Z" finished-at="2018-06-21T07:25:50Z">
    <groups>
    </groups>
    <test name="Default test" duration-ms="237" started-at="2018-06-21T07:25:49Z" finished-at="2018-06-21T07:25:50Z">
      <class name="TestCases.HomePageTestCases$HomePageTest">
        <test-method status="FAIL" signature="setUp()[pri:0, instance:TestCases.HomePageTestCases$HomePageTest@370736d9]" name="setUp" is-config="true" duration-ms="167" started-at="2018-06-21T08:25:50Z" finished-at="2018-06-21T08:25:50Z">
          <exception class="java.lang.StackOverflowError">
            <full-stacktrace>
              <![CDATA[java.lang.StackOverflowError
	at org.apache.logging.log4j.LogManager.getContext(LogManager.java:194)
	at org.apache.logging.log4j.spi.AbstractLoggerAdapter.getContext(AbstractLoggerAdapter.java:122)
	at org.apache.logging.slf4j.Log4jLoggerFactory.getContext(Log4jLoggerFactory.java:43)
	at org.apache.logging.log4j.spi.AbstractLoggerAdapter.getLogger(AbstractLoggerAdapter.java:46)
	at org.apache.logging.slf4j.Log4jLoggerFactory.getLogger(Log4jLoggerFactory.java:29)
	at org.slf4j.LoggerFactory.getLogger(LoggerFactory.java:358)
	at org.apache.logging.slf4j.SLF4JLoggerContext.getLogger(SLF4JLoggerContext.java:39)
	at org.apache.logging.slf4j.Log4jLoggerFactory.newLogger(Log4jLoggerFactory.java:37)
	at org.apache.logging.slf4j.Log4jLoggerFactory.newLogger(Log4jLoggerFactory.java:29)
	at org.apache.logging.log4j.spi.AbstractLoggerAdapter.getLogger(AbstractLoggerAdapter.java:52)
	at org.apache.logging.slf4j.Log4jLoggerFactory.getLogger(Log4jLoggerFactory.java:29)
	at org.slf4j.LoggerFactory.getLogger(LoggerFactory.java:358)
	at org.apache.logging.slf4j.SLF4JLoggerContext.getLogger(SLF4JLoggerContext.java:39)
	at org.apache.logging.slf4j.Log4jLoggerFactory.newLogger(Log4jLoggerFactory.java:37)
	at org.apache.logging.slf4j.Log4jLoggerFactory.newLogger(Log4jLoggerFactory.java:29)
	at org.apache.logging.log4j.spi.AbstractLoggerAdapter.getLogger(AbstractLoggerAdapter.java:52)
	at org.apache.logging.slf4j.Log4jLoggerFactory.getLogger(Log4jLoggerFactory.java:29)
	at org.slf4j.LoggerFactory.getLogger(LoggerFactory.java:358)
	at org.apache.logging.slf4j.SLF4JLoggerContext.getLogger(SLF4JLoggerContext.java:39)
	at org.apache.logging.slf4j.Log4jLoggerFactory.newLogger(Log4jLoggerFactory.java:37)
	at org.apache.logging.slf4j.Log4jLoggerFactory.newLogger(Log4jLoggerFactory.java:29)
	at org.apache.logging.log4j.spi.AbstractLoggerAdapter.getLogger(AbstractLoggerAdapter.java:52)
	at org.apache.logging.slf4j.Log4jLoggerFactory.getLogger(Log4jLoggerFactory.java:29)
	at org.slf4j.LoggerFactory.getLogger(LoggerFactory.java:358)
	at org.apache.logging.slf4j.SLF4JLoggerContext.getLogger(SLF4JLoggerContext.java:39)
	at org.apache.logging.slf4j.Log4jLoggerFactory.newLogger(Log4jLoggerFactory.java:37)
	at org.apache.logging.slf4j.Log4jLoggerFactory.newLogger(Log4jLoggerFactory.java:29)
	at org.apache.logging.log4j.spi.AbstractLoggerAdapter.getLogger(AbstractLoggerAdapter.java:52)
	at org.apache.logging.slf4j.Log4jLoggerFactory.getLogger(Log4jLoggerFactory.java:29)
	at org.slf4j.LoggerFactory.getLogger(LoggerFactory.java:358)
	at org.apache.logging.slf4j.SLF4JLoggerContext.getLogger(SLF4JLoggerContext.java:39)
	at org.apache.logging.slf4j.Log4jLoggerFactory.newLogger(Log4jLoggerFactory.java:37)
	at org.apache.logging.slf4j.Log4jLoggerFactory.newLogger(Log4jLoggerFactory.java:29)
	at org.apache.logging.log4j.spi.AbstractLoggerAdapter.getLogger(AbstractLoggerAdapter.java:52)
	at org.apache.logging.slf4j.Log4jLoggerFactory.getLogger(Log4jLoggerFactory.java:29)
	at org.slf4j.LoggerFactory.getLogger(LoggerFactory.java:358)
	at org.apache.logging.slf4j.SLF4JLoggerContext.getLogger(SLF4JLoggerContext.java:39)
	at org.apache.logging.slf4j.Log4jLoggerFactory.newLogger(Log4jLoggerFactory.java:37)
	at org.apache.logging.slf4j.Log4jLoggerFactory.newLogger(Log4jLoggerFactory.java:29)
	at org.apache.logging.log4j.spi.AbstractLoggerAdapter.getLogger(AbstractLoggerAdapter.java:52)
	at org.apache.logging.slf4j.Log4jLoggerFactory.getLogger(Log4jLoggerFactory.java:29)
	at org.slf4j.LoggerFactory.getLogger(LoggerFactory.java:358)
	at org.apache.logging.slf4j.SLF4JLoggerContext.getLogger(SLF4JLoggerContext.java:39)
	at org.apache.logging.slf4j.Log4jLoggerFactory.newLogger(Log4jLoggerFactory.java:37)
	at org.apache.logging.slf4j.Log4jLoggerFactory.newLogger(Log4jLoggerFactory.java:29)
	at org.apache.logging.log4j.spi.AbstractLoggerAdapter.getLogger(AbstractLoggerAdapter.java:52)
	at org.apache.logging.slf4j.Log4jLoggerFactory.getLogger(Log4jLoggerFactory.java:29)
	at org.slf4j.LoggerFactory.getLogger(LoggerFactory.java:358)
	at org.apache.logging.slf4j.SLF4JLoggerContext.getLogger(SLF4JLoggerContext.java:39)
	at org.apache.logging.slf4j.Log4jLoggerFactory.newLogger(Log4jLoggerFactory.java:37)
	at org.apache.logging.slf4j.Log4jLoggerFactory.newLogger(Log4jLoggerFactory.java:29)
	at org.apache.logging.log4j.spi.AbstractLoggerAdapter.getLogger(AbstractLoggerAdapter.java:52)
	at org.apache.logging.slf4j.Log4jLoggerFactory.getLogger(Log4jLoggerFactory.java:29)
	at org.slf4j.LoggerFactory.getLogger(LoggerFactory.java:358)
	at org.apache.logging.slf4j.SLF4JLoggerContext.getLogger(SLF4JLoggerContext.java:39)
	at org.apache.logging.slf4j.Log4jLoggerFactory.newLogger(Log4jLoggerFactory.java:37)
	at org.apache.logging.slf4j.Log4jLoggerFactory.newLogger(Log4jLoggerFactory.java:29)
	at org.apache.logging.log4j.spi.AbstractLoggerAdapter.getLogger(AbstractLoggerAdapter.java:52)
	at org.apache.logging.slf4j.Log4jLoggerFactory.getLogger(Log4jLoggerFactory.java:29)
	at org.slf4j.LoggerFactory.getLogger(LoggerFactory.java:358)
	at org.apache.logging.slf4j.SLF4JLoggerContext.getLogger(SLF4JLoggerContext.java:39)
	at org.apache.logging.slf4j.Log4jLoggerFactory.newLogger(Log4jLoggerFactory.java:37)
	at org.apache.logging.slf4j.Log4jLoggerFactory.newLogger(Log4jLoggerFactory.java:29)
	at org.apache.logging.log4j.spi.AbstractLoggerAdapter.getLogger(AbstractLoggerAdapter.java:52)
	at org.apache.logging.slf4j.Log4jLoggerFactory.getLogger(Log4jLoggerFactory.java:29)
	at org.slf4j.LoggerFactory.getLogger(LoggerFactory.java:358)
	at org.apache.logging.slf4j.SLF4JLoggerContext.getLogger(SLF4JLoggerContext.java:39)
	at org.apache.logging.slf4j.Log4jLoggerFactory.newLogger(Log4jLoggerFactory.java:37)
	at org.apache.logging.slf4j.Log4jLoggerFactory.newLogger(Log4jLoggerFactory.java:29)
	at org.apache.logging.log4j.spi.AbstractLoggerAdapter.getLogger(AbstractLoggerAdapter.java:52)
	at org.apache.logging.slf4j.Log4jLoggerFactory.getLogger(Log4jLoggerFactory.java:29)
	at org.slf4j.LoggerFactory.getLogger(LoggerFactory.java:358)
	at org.apache.logging.slf4j.SLF4JLoggerContext.getLogger(SLF4JLoggerContext.java:39)
	at org.apache.logging.slf4j.Log4jLoggerFactory.newLogger(Log4jLoggerFactory.java:37)
	at org.apache.logging.slf4j.Log4jLoggerFactory.newLogger(Log4jLoggerFactory.java:29)
	at org.apache.logging.log4j.spi.AbstractLoggerAdapter.getLogger(AbstractLoggerAdapter.java:52)
	at org.apache.logging.slf4j.Log4jLoggerFactory.getLogger(Log4jLoggerFactory.java:29)
	at org.slf4j.LoggerFactory.getLogger(LoggerFactory.java:358)
	at org.apache.logging.slf4j.SLF4JLoggerContext.getLogger(SLF4JLoggerContext.java:39)
	at org.apache.logging.slf4j.Log4jLoggerFactory.newLogger(Log4jLoggerFactory.java:37)
	at org.apache.logging.slf4j.Log4jLoggerFactory.newLogger(Log4jLoggerFactory.java:29)
	at org.apache.logging.log4j.spi.AbstractLoggerAdapter.getLogger(AbstractLoggerAdapter.java:52)
	at org.apache.logging.slf4j.Log4jLoggerFactory.getLogger(Log4jLoggerFactory.java:29)
	at org.slf4j.LoggerFactory.getLogger(LoggerFactory.java:358)
	at org.apache.logging.slf4j.SLF4JLoggerContext.getLogger(SLF4JLoggerContext.java:39)
	at org.apache.logging.slf4j.Log4jLoggerFactory.newLogger(Log4jLoggerFactory.java:37)
	at org.apache.logging.slf4j.Log4jLoggerFactory.newLogger(Log4jLoggerFactory.java:29)
	at org.apache.logging.log4j.spi.AbstractLoggerAdapter.getLogger(AbstractLoggerAdapter.java:52)
	at org.apache.logging.slf4j.Log4jLoggerFactory.getLogger(Log4jLoggerFactory.java:29)
	at org.slf4j.LoggerFactory.getLogger(LoggerFactory.java:358)
	at org.apache.logging.slf4j.SLF4JLoggerContext.getLogger(SLF4JLoggerContext.java:39)
	at org.apache.logging.slf4j.Log4jLoggerFactory.newLogger(Log4jLoggerFactory.java:37)
	at org.apache.logging.slf4j.Log4jLoggerFactory.newLogger(Log4jLoggerFactory.java:29)
	at org.apache.logging.log4j.spi.AbstractLoggerAdapter.getLogger(AbstractLoggerAdapter.java:52)
	at org.apache.logging.slf4j.Log4jLoggerFactory.getLogger(Log4jLoggerFactory.java:29)
	at org.slf4j.LoggerFactory.getLogger(LoggerFactory.java:358)
	at org.apache.logging.slf4j.SLF4JLoggerContext.getLogger(SLF4JLoggerContext.java:39)
	at org.apache.logging.slf4j.Log4jLoggerFactory.newLogger(Log4jLoggerFactory.java:37)
	at org.apache.logging.slf4j.Log4jLoggerFactory.newLogger(Log4jLoggerFactory.java:29)
	at org.apache.logging.log4j.spi.AbstractLoggerAdapter.getLogger(AbstractLoggerAdapter.java:52)
	at org.apache.logging.slf4j.Log4jLoggerFactory.getLogger(Log4jLoggerFactory.java:29)
	at org.slf4j.LoggerFactory.getLogger(LoggerFactory.java:358)
	at org.apache.logging.slf4j.SLF4JLoggerContext.getLogger(SLF4JLoggerContext.java:39)
	at org.apache.logging.slf4j.Log4jLoggerFactory.newLogger(Log4jLoggerFactory.java:37)
	at org.apache.logging.slf4j.Log4jLoggerFactory.newLogger(Log4jLoggerFactory.java:29)
	at org.apache.logging.log4j.spi.AbstractLoggerAdapter.getLogger(AbstractLoggerAdapter.java:52)
	at org.apache.logging.slf4j.Log4jLoggerFactory.getLogger(Log4jLoggerFactory.java:29)
	at org.slf4j.LoggerFactory.getLogger(LoggerFactory.java:358)
	at org.apache.logging.slf4j.SLF4JLoggerContext.getLogger(SLF4JLoggerContext.java:39)
	at org.apache.logging.slf4j.Log4jLoggerFactory.newLogger(Log4jLoggerFactory.java:37)
	at org.apache.logging.slf4j.Log4jLoggerFactory.newLogger(Log4jLoggerFactory.java:29)
	at org.apache.logging.log4j.spi.AbstractLoggerAdapter.getLogger(AbstractLoggerAdapter.java:52)
	at org.apache.logging.slf4j.Log4jLoggerFactory.getLogger(Log4jLoggerFactory.java:29)
	at org.slf4j.LoggerFactory.getLogger(LoggerFactory.java:358)
	at org.apache.logging.slf4j.SLF4JLoggerContext.getLogger(SLF4JLoggerContext.java:39)
	at org.apache.logging.slf4j.Log4jLoggerFactory.newLogger(Log4jLoggerFactory.java:37)
	at org.apache.logging.slf4j.Log4jLoggerFactory.newLogger(Log4jLoggerFactory.java:29)
	at org.apache.logging.log4j.spi.AbstractLoggerAdapter.getLogger(AbstractLoggerAdapter.java:52)
	at org.apache.logging.slf4j.Log4jLoggerFactory.getLogger(Log4jLoggerFactory.java:29)
	at org.slf4j.LoggerFactory.getLogger(LoggerFactory.java:358)
	at org.apache.logging.slf4j.SLF4JLoggerContext.getLogger(SLF4JLoggerContext.java:39)
	at org.apache.logging.slf4j.Log4jLoggerFactory.newLogger(Log4jLoggerFactory.java:37)
	at org.apache.logging.slf4j.Log4jLoggerFactory.newLogger(Log4jLoggerFactory.java:29)
	at org.apache.logging.log4j.spi.AbstractLoggerAdapter.getLogger(AbstractLoggerAdapter.java:52)
	at org.apache.logging.slf4j.Log4jLoggerFactory.getLogger(Log4jLoggerFactory.java:29)
	at org.slf4j.LoggerFactory.getLogger(LoggerFactory.java:358)
	at org.apache.logging.slf4j.SLF4JLoggerContext.getLogger(SLF4JLoggerContext.java:39)
	at org.apache.logging.slf4j.Log4jLoggerFactory.newLogger(Log4jLoggerFactory.java:37)
	at org.apache.logging.slf4j.Log4jLoggerFactory.newLogger(Log4jLoggerFactory.java:29)
	at org.apache.logging.log4j.spi.AbstractLoggerAdapter.getLogger(AbstractLoggerAdapter.java:52)
	at org.apache.logging.slf4j.Log4jLoggerFactory.getLogger(Log4jLoggerFactory.java:29)
	at org.slf4j.LoggerFactory.getLogger(LoggerFactory.java:358)
	at org.apache.logging.slf4j.SLF4JLoggerContext.getLogger(SLF4JLoggerContext.java:39)
	at org.apache.logging.slf4j.Log4jLoggerFactory.newLogger(Log4jLoggerFactory.java:37)
	at org.apache.logging.slf4j.Log4jLoggerFactory.newLogger(Log4jLoggerFactory.java:29)
	at org.apache.logging.log4j.spi.AbstractLoggerAdapter.getLogger(AbstractLoggerAdapter.java:52)
	at org.apache.logging.slf4j.Log4jLoggerFactory.getLogger(Log4jLoggerFactory.java:29)
	at org.slf4j.LoggerFactory.getLogger(LoggerFactory.java:358)
	at org.apache.logging.slf4j.SLF4JLoggerContext.getLogger(SLF4JLoggerContext.java:39)
	at org.apache.logging.slf4j.Log4jLoggerFactory.newLogger(Log4jLoggerFactory.java:37)
	at org.apache.logging.slf4j.Log4jLoggerFactory.newLogger(Log4jLoggerFactory.java:29)
	at org.apache.logging.log4j.spi.AbstractLoggerAdapter.getLogger(AbstractLoggerAdapter.java:52)
	at org.apache.logging.slf4j.Log4jLoggerFactory.getLogger(Log4jLoggerFactory.java:29)
	at org.slf4j.LoggerFactory.getLogger(LoggerFactory.java:358)
	at org.apache.logging.slf4j.SLF4JLoggerContext.getLogger(SLF4JLoggerContext.java:39)
	at org.apache.logging.slf4j.Log4jLoggerFactory.newLogger(Log4jLoggerFactory.java:37)
	at org.apache.logging.slf4j.Log4jLoggerFactory.newLogger(Log4jLoggerFactory.java:29)
	at org.apache.logging.log4j.spi.AbstractLoggerAdapter.getLogger(AbstractLoggerAdapter.java:52)
	at org.apache.logging.slf4j.Log4jLoggerFactory.getLogger(Log4jLoggerFactory.java:29)
	at org.slf4j.LoggerFactory.getLogger(LoggerFactory.java:358)
	at org.apache.logging.slf4j.SLF4JLoggerContext.getLogger(SLF4JLoggerContext.java:39)
	at org.apache.logging.slf4j.Log4jLoggerFactory.newLogger(Log4jLoggerFactory.java:37)
	at org.apache.logging.slf4j.Log4jLoggerFactory.newLogger(Log4jLoggerFactory.java:29)
	at org.apache.logging.log4j.spi.AbstractLoggerAdapter.getLogger(AbstractLoggerAdapter.java:52)
	at org.apache.logging.slf4j.Log4jLoggerFactory.getLogger(Log4jLoggerFactory.java:29)
	at org.slf4j.LoggerFactory.getLogger(LoggerFactory.java:358)
	at org.apache.logging.slf4j.SLF4JLoggerContext.getLogger(SLF4JLoggerContext.java:39)
	at org.apache.logging.slf4j.Log4jLoggerFactory.newLogger(Log4jLoggerFactory.java:37)
	at org.apache.logging.slf4j.Log4jLoggerFactory.newLogger(Log4jLoggerFactory.java:29)
	at org.apache.logging.log4j.spi.AbstractLoggerAdapter.getLogger(AbstractLoggerAdapter.java:52)
	at org.apache.logging.slf4j.Log4jLoggerFactory.getLogger(Log4jLoggerFactory.java:29)
	at org.slf4j.LoggerFactory.getLogger(LoggerFactory.java:358)
	at org.apache.logging.slf4j.SLF4JLoggerContext.getLogger(SLF4JLoggerContext.java:39)
	at org.apache.logging.slf4j.Log4jLoggerFactory.newLogger(Log4jLoggerFactory.java:37)
	at org.apache.logging.slf4j.Log4jLoggerFactory.newLogger(Log4jLoggerFactory.java:29)
	at org.apache.logging.log4j.spi.AbstractLoggerAdapter.getLogger(AbstractLoggerAdapter.java:52)
	at org.apache.logging.slf4j.Log4jLoggerFactory.getLogger(Log4jLoggerFactory.java:29)
	at org.slf4j.LoggerFactory.getLogger(LoggerFactory.java:358)
	at org.apache.logging.slf4j.SLF4JLoggerContext.getLogger(SLF4JLoggerContext.java:39)
	at org.apache.logging.slf4j.Log4jLoggerFactory.newLogger(Log4jLoggerFactory.java:37)
	at org.apache.logging.slf4j.Log4jLoggerFactory.newLogger(Log4jLoggerFactory.java:29)
	at org.apache.logging.log4j.spi.AbstractLoggerAdapter.getLogger(AbstractLoggerAdapter.java:52)
	at org.apache.logging.slf4j.Log4jLoggerFactory.getLogger(Log4jLoggerFactory.java:29)
	at org.slf4j.LoggerFactory.getLogger(LoggerFactory.java:358)
	at org.apache.logging.slf4j.SLF4JLoggerContext.getLogger(SLF4JLoggerContext.java:39)
	at org.apache.logging.slf4j.Log4jLoggerFactory.newLogger(Log4jLoggerFactory.java:37)
	at org.apache.logging.slf4j.Log4jLoggerFactory.newLogger(Log4jLoggerFactory.java:29)
	at org.apache.logging.log4j.spi.AbstractLoggerAdapter.getLogger(AbstractLoggerAdapter.java:52)
	at org.apache.logging.slf4j.Log4jLoggerFactory.getLogger(Log4jLoggerFactory.java:29)
	at org.slf4j.LoggerFactory.getLogger(LoggerFactory.java:358)
	at org.apache.logging.slf4j.SLF4JLoggerContext.getLogger(SLF4JLoggerContext.java:39)
	at org.apache.logging.slf4j.Log4jLoggerFactory.newLogger(Log4jLoggerFactory.java:37)
	at org.apache.logging.slf4j.Log4jLoggerFactory.newLogger(Log4jLoggerFactory.java:29)
	at org.apache.logging.log4j.spi.AbstractLoggerAdapter.getLogger(AbstractLoggerAdapter.java:52)
	at org.apache.logging.slf4j.Log4jLoggerFactory.getLogger(Log4jLoggerFactory.java:29)
	at org.slf4j.LoggerFactory.getLogger(LoggerFactory.java:358)
	at org.apache.logging.slf4j.SLF4JLoggerContext.getLogger(SLF4JLoggerContext.java:39)
	at org.apache.logging.slf4j.Log4jLoggerFactory.newLogger(Log4jLoggerFactory.java:37)
	at org.apache.logging.slf4j.Log4jLoggerFactory.newLogger(Log4jLoggerFactory.java:29)
	at org.apache.logging.log4j.spi.AbstractLoggerAdapter.getLogger(AbstractLoggerAdapter.java:52)
	at org.apache.logging.slf4j.Log4jLoggerFactory.getLogger(Log4jLoggerFactory.java:29)
	at org.slf4j.LoggerFactory.getLogger(LoggerFactory.java:358)
	at org.apache.logging.slf4j.SLF4JLoggerContext.getLogger(SLF4JLoggerContext.java:39)
	at org.apache.logging.slf4j.Log4jLoggerFactory.newLogger(Log4jLoggerFactory.java:37)
	at org.apache.logging.slf4j.Log4jLoggerFactory.newLogger(Log4jLoggerFactory.java:29)
	at org.apache.logging.log4j.spi.AbstractLoggerAdapter.getLogger(AbstractLoggerAdapter.java:52)
	at org.apache.logging.slf4j.Log4jLoggerFactory.getLogger(Log4jLoggerFactory.java:29)
	at org.slf4j.LoggerFactory.getLogger(LoggerFactory.java:358)
	at org.apache.logging.slf4j.SLF4JLoggerContext.getLogger(SLF4JLoggerContext.java:39)
	at org.apache.logging.slf4j.Log4jLoggerFactory.newLogger(Log4jLoggerFactory.java:37)
	at org.apache.logging.slf4j.Log4jLoggerFactory.newLogger(Log4jLoggerFactory.java:29)
	at org.apache.logging.log4j.spi.AbstractLoggerAdapter.getLogger(AbstractLoggerAdapter.java:52)
	at org.apache.logging.slf4j.Log4jLoggerFactory.getLogger(Log4jLoggerFactory.java:29)
	at org.slf4j.LoggerFactory.getLogger(LoggerFactory.java:358)
	at org.apache.logging.slf4j.SLF4JLoggerContext.getLogger(SLF4JLoggerContext.java:39)
	at org.apache.logging.slf4j.Log4jLoggerFactory.newLogger(Log4jLoggerFactory.java:37)
	at org.apache.logging.slf4j.Log4jLoggerFactory.newLogger(Log4jLoggerFactory.java:29)
	at org.apache.logging.log4j.spi.AbstractLoggerAdapter.getLogger(AbstractLoggerAdapter.java:52)
	at org.apache.logging.slf4j.Log4jLoggerFactory.getLogger(Log4jLoggerFactory.java:29)
	at org.slf4j.LoggerFactory.getLogger(LoggerFactory.java:358)
	at org.apache.logging.slf4j.SLF4JLoggerContext.getLogger(SLF4JLoggerContext.java:39)
	at org.apache.logging.slf4j.Log4jLoggerFactory.newLogger(Log4jLoggerFactory.java:37)
	at org.apache.logging.slf4j.Log4jLoggerFactory.newLogger(Log4jLoggerFactory.java:29)
	at org.apache.logging.log4j.spi.AbstractLoggerAdapter.getLogger(AbstractLoggerAdapter.java:52)
	at org.apache.logging.slf4j.Log4jLoggerFactory.getLogger(Log4jLoggerFactory.java:29)
	at org.slf4j.LoggerFactory.getLogger(LoggerFactory.java:358)
	at org.apache.logging.slf4j.SLF4JLoggerContext.getLogger(SLF4JLoggerContext.java:39)
	at org.apache.logging.slf4j.Log4jLoggerFactory.newLogger(Log4jLoggerFactory.java:37)
	at org.apache.logging.slf4j.Log4jLoggerFactory.newLogger(Log4jLoggerFactory.java:29)
	at org.apache.logging.log4j.spi.AbstractLoggerAdapter.getLogger(AbstractLoggerAdapter.java:52)
	at org.apache.logging.slf4j.Log4jLoggerFactory.getLogger(Log4jLoggerFactory.java:29)
	at org.slf4j.LoggerFactory.getLogger(LoggerFactory.java:358)
	at org.apache.logging.slf4j.SLF4JLoggerContext.getLogger(SLF4JLoggerContext.java:39)
	at org.apache.logging.slf4j.Log4jLoggerFactory.newLogger(Log4jLoggerFactory.java:37)
	at org.apache.logging.slf4j.Log4jLoggerFactory.newLogger(Log4jLoggerFactory.java:29)
	at org.apache.logging.log4j.spi.AbstractLoggerAdapter.getLogger(AbstractLoggerAdapter.java:52)
	at org.apache.logging.slf4j.Log4jLoggerFactory.getLogger(Log4jLoggerFactory.java:29)
	at org.slf4j.LoggerFactory.getLogger(LoggerFactory.java:358)
	at org.apache.logging.slf4j.SLF4JLoggerContext.getLogger(SLF4JLoggerContext.java:39)
	at org.apache.logging.slf4j.Log4jLoggerFactory.newLogger(Log4jLoggerFactory.java:37)
	at org.apache.logging.slf4j.Log4jLoggerFactory.newLogger(Log4jLoggerFactory.java:29)
	at org.apache.logging.log4j.spi.AbstractLoggerAdapter.getLogger(AbstractLoggerAdapter.java:52)
	at org.apache.logging.slf4j.Log4jLoggerFactory.getLogger(Log4jLoggerFactory.java:29)
	at org.slf4j.LoggerFactory.getLogger(LoggerFactory.java:358)
	at org.apache.logging.slf4j.SLF4JLoggerContext.getLogger(SLF4JLoggerContext.java:39)
	at org.apache.logging.slf4j.Log4jLoggerFactory.newLogger(Log4jLoggerFactory.java:37)
	at org.apache.logging.slf4j.Log4jLoggerFactory.newLogger(Log4jLoggerFactory.java:29)
	at org.apache.logging.log4j.spi.AbstractLoggerAdapter.getLogger(AbstractLoggerAdapter.java:52)
	at org.apache.logging.slf4j.Log4jLoggerFactory.getLogger(Log4jLoggerFactory.java:29)
	at org.slf4j.LoggerFactory.getLogger(LoggerFactory.java:358)
	at org.apache.logging.slf4j.SLF4JLoggerContext.getLogger(SLF4JLoggerContext.java:39)
	at org.apache.logging.slf4j.Log4jLoggerFactory.newLogger(Log4jLoggerFactory.java:37)
	at org.apache.logging.slf4j.Log4jLoggerFactory.newLogger(Log4jLoggerFactory.java:29)
	at org.apache.logging.log4j.spi.AbstractLoggerAdapter.getLogger(AbstractLoggerAdapter.java:52)
	at org.apache.logging.slf4j.Log4jLoggerFactory.getLogger(Log4jLoggerFactory.java:29)
	at org.slf4j.LoggerFactory.getLogger(LoggerFactory.java:358)
	at org.apache.logging.slf4j.SLF4JLoggerContext.getLogger(SLF4JLoggerContext.java:39)
	at org.apache.logging.slf4j.Log4jLoggerFactory.newLogger(Log4jLoggerFactory.java:37)
	at org.apache.logging.slf4j.Log4jLoggerFactory.newLogger(Log4jLoggerFactory.java:29)
	at org.apache.logging.log4j.spi.AbstractLoggerAdapter.getLogger(AbstractLoggerAdapter.java:52)
	at org.apache.logging.slf4j.Log4jLoggerFactory.getLogger(Log4jLoggerFactory.java:29)
	at org.slf4j.LoggerFactory.getLogger(LoggerFactory.java:358)
	at org.apache.logging.slf4j.SLF4JLoggerContext.getLogger(SLF4JLoggerContext.java:39)
	at org.apache.logging.slf4j.Log4jLoggerFactory.newLogger(Log4jLoggerFactory.java:37)
	at org.apache.logging.slf4j.Log4jLoggerFactory.newLogger(Log4jLoggerFactory.java:29)
	at org.apache.logging.log4j.spi.AbstractLoggerAdapter.getLogger(AbstractLoggerAdapter.java:52)
	at org.apache.logging.slf4j.Log4jLoggerFactory.getLogger(Log4jLoggerFactory.java:29)
	at org.slf4j.LoggerFactory.getLogger(LoggerFactory.java:358)
	at org.apache.logging.slf4j.SLF4JLoggerContext.getLogger(SLF4JLoggerContext.java:39)
	at org.apache.logging.slf4j.Log4jLoggerFactory.newLogger(Log4jLoggerFactory.java:37)
	at org.apache.logging.slf4j.Log4jLoggerFactory.newLogger(Log4jLoggerFactory.java:29)
	at org.apache.logging.log4j.spi.AbstractLoggerAdapter.getLogger(AbstractLoggerAdapter.java:52)
	at org.apache.logging.slf4j.Log4jLoggerFactory.getLogger(Log4jLoggerFactory.java:29)
	at org.slf4j.LoggerFactory.getLogger(LoggerFactory.java:358)
	at org.apache.logging.slf4j.SLF4JLoggerContext.getLogger(SLF4JLoggerContext.java:39)
	at org.apache.logging.slf4j.Log4jLoggerFactory.newLogger(Log4jLoggerFactory.java:37)
	at org.apache.logging.slf4j.Log4jLoggerFactory.newLogger(Log4jLoggerFactory.java:29)
	at org.apache.logging.log4j.spi.AbstractLoggerAdapter.getLogger(AbstractLoggerAdapter.java:52)
	at org.apache.logging.slf4j.Log4jLoggerFactory.getLogger(Log4jLoggerFactory.java:29)
	at org.slf4j.LoggerFactory.getLogger(LoggerFactory.java:358)
	at org.apache.logging.slf4j.SLF4JLoggerContext.getLogger(SLF4JLoggerContext.java:39)
	at org.apache.logging.slf4j.Log4jLoggerFactory.newLogger(Log4jLoggerFactory.java:37)
	at org.apache.logging.slf4j.Log4jLoggerFactory.newLogger(Log4jLoggerFactory.java:29)
	at org.apache.logging.log4j.spi.AbstractLoggerAdapter.getLogger(AbstractLoggerAdapter.java:52)
	at org.apache.logging.slf4j.Log4jLoggerFactory.getLogger(Log4jLoggerFactory.java:29)
	at org.slf4j.LoggerFactory.getLogger(LoggerFactory.java:358)
	at org.apache.logging.slf4j.SLF4JLoggerContext.getLogger(SLF4JLoggerContext.java:39)
	at org.apache.logging.slf4j.Log4jLoggerFactory.newLogger(Log4jLoggerFactory.java:37)
	at org.apache.logging.slf4j.Log4jLoggerFactory.newLogger(Log4jLoggerFactory.java:29)
	at org.apache.logging.log4j.spi.AbstractLoggerAdapter.getLogger(AbstractLoggerAdapter.java:52)
	at org.apache.logging.slf4j.Log4jLoggerFactory.getLogger(Log4jLoggerFactory.java:29)
	at org.slf4j.LoggerFactory.getLogger(LoggerFactory.java:358)
	at org.apache.logging.slf4j.SLF4JLoggerContext.getLogger(SLF4JLoggerContext.java:39)
	at org.apache.logging.slf4j.Log4jLoggerFactory.newLogger(Log4jLoggerFactory.java:37)
	at org.apache.logging.slf4j.Log4jLoggerFactory.newLogger(Log4jLoggerFactory.java:29)
	at org.apache.logging.log4j.spi.AbstractLoggerAdapter.getLogger(AbstractLoggerAdapter.java:52)
	at org.apache.logging.slf4j.Log4jLoggerFactory.getLogger(Log4jLoggerFactory.java:29)
	at org.slf4j.LoggerFactory.getLogger(LoggerFactory.java:358)
	at org.apache.logging.slf4j.SLF4JLoggerContext.getLogger(SLF4JLoggerContext.java:39)
	at org.apache.logging.slf4j.Log4jLoggerFactory.newLogger(Log4jLoggerFactory.java:37)
	at org.apache.logging.slf4j.Log4jLoggerFactory.newLogger(Log4jLoggerFactory.java:29)
	at org.apache.logging.log4j.spi.AbstractLoggerAdapter.getLogger(AbstractLoggerAdapter.java:52)
	at org.apache.logging.slf4j.Log4jLoggerFactory.getLogger(Log4jLoggerFactory.java:29)
	at org.slf4j.LoggerFactory.getLogger(LoggerFactory.java:358)
	at org.apache.logging.slf4j.SLF4JLoggerContext.getLogger(SLF4JLoggerContext.java:39)
	at org.apache.logging.slf4j.Log4jLoggerFactory.newLogger(Log4jLoggerFactory.java:37)
	at org.apache.logging.slf4j.Log4jLoggerFactory.newLogger(Log4jLoggerFactory.java:29)
	at org.apache.logging.log4j.spi.AbstractLoggerAdapter.getLogger(AbstractLoggerAdapter.java:52)
	at org.apache.logging.slf4j.Log4jLoggerFactory.getLogger(Log4jLoggerFactory.java:29)
	at org.slf4j.LoggerFactory.getLogger(LoggerFactory.java:358)
	at org.apache.logging.slf4j.SLF4JLoggerContext.getLogger(SLF4JLoggerContext.java:39)
	at org.apache.logging.slf4j.Log4jLoggerFactory.newLogger(Log4jLoggerFactory.java:37)
	at org.apache.logging.slf4j.Log4jLoggerFactory.newLogger(Log4jLoggerFactory.java:29)
	at org.apache.logging.log4j.spi.AbstractLoggerAdapter.getLogger(AbstractLoggerAdapter.java:52)
	at org.apache.logging.slf4j.Log4jLoggerFactory.getLogger(Log4jLoggerFactory.java:29)
	at org.slf4j.LoggerFactory.getLogger(LoggerFactory.java:358)
	at org.apache.logging.slf4j.SLF4JLoggerContext.getLogger(SLF4JLoggerContext.java:39)
	at org.apache.logging.slf4j.Log4jLoggerFactory.newLogger(Log4jLoggerFactory.java:37)
	at org.apache.logging.slf4j.Log4jLoggerFactory.newLogger(Log4jLoggerFactory.java:29)
	at org.apache.logging.log4j.spi.AbstractLoggerAdapter.getLogger(AbstractLoggerAdapter.java:52)
	at org.apache.logging.slf4j.Log4jLoggerFactory.getLogger(Log4jLoggerFactory.java:29)
	at org.slf4j.LoggerFactory.getLogger(LoggerFactory.java:358)
	at org.apache.logging.slf4j.SLF4JLoggerContext.getLogger(SLF4JLoggerContext.java:39)
	at org.apache.logging.slf4j.Log4jLoggerFactory.newLogger(Log4jLoggerFactory.java:37)
	at org.apache.logging.slf4j.Log4jLoggerFactory.newLogger(Log4jLoggerFactory.java:29)
	at org.apache.logging.log4j.spi.AbstractLoggerAdapter.getLogger(AbstractLoggerAdapter.java:52)
	at org.apache.logging.slf4j.Log4jLoggerFactory.getLogger(Log4jLoggerFactory.java:29)
	at org.slf4j.LoggerFactory.getLogger(LoggerFactory.java:358)
	at org.apache.logging.slf4j.SLF4JLoggerContext.getLogger(SLF4JLoggerContext.java:39)
	at org.apache.logging.slf4j.Log4jLoggerFactory.newLogger(Log4jLoggerFactory.java:37)
	at org.apache.logging.slf4j.Log4jLoggerFactory.newLogger(Log4jLoggerFactory.java:29)
	at org.apache.logging.log4j.spi.AbstractLoggerAdapter.getLogger(AbstractLoggerAdapter.java:52)
	at org.apache.logging.slf4j.Log4jLoggerFactory.getLogger(Log4jLoggerFactory.java:29)
	at org.slf4j.LoggerFactory.getLogger(LoggerFactory.java:358)
	at org.apache.logging.slf4j.SLF4JLoggerContext.getLogger(SLF4JLoggerContext.java:39)
	at org.apache.logging.slf4j.Log4jLoggerFactory.newLogger(Log4jLoggerFactory.java:37)
	at org.apache.logging.slf4j.Log4jLoggerFactory.newLogger(Log4jLoggerFactory.java:29)
	at org.apache.logging.log4j.spi.AbstractLoggerAdapter.getLogger(AbstractLoggerAdapter.java:52)
	at org.apache.logging.slf4j.Log4jLoggerFactory.getLogger(Log4jLoggerFactory.java:29)
	at org.slf4j.LoggerFactory.getLogger(LoggerFactory.java:358)
	at org.apache.logging.slf4j.SLF4JLoggerContext.getLogger(SLF4JLoggerContext.java:39)
	at org.apache.logging.slf4j.Log4jLoggerFactory.newLogger(Log4jLoggerFactory.java:37)
	at org.apache.logging.slf4j.Log4jLoggerFactory.newLogger(Log4jLoggerFactory.java:29)
	at org.apache.logging.log4j.spi.AbstractLoggerAdapter.getLogger(AbstractLoggerAdapter.java:52)
	at org.apache.logging.slf4j.Log4jLoggerFactory.getLogger(Log4jLoggerFactory.java:29)
	at org.slf4j.LoggerFactory.getLogger(LoggerFactory.java:358)
	at org.apache.logging.slf4j.SLF4JLoggerContext.getLogger(SLF4JLoggerContext.java:39)
	at org.apache.logging.slf4j.Log4jLoggerFactory.newLogger(Log4jLoggerFactory.java:37)
	at org.apache.logging.slf4j.Log4jLoggerFactory.newLogger(Log4jLoggerFactory.java:29)
	at org.apache.logging.log4j.spi.AbstractLoggerAdapter.getLogger(AbstractLoggerAdapter.java:52)
	at org.apache.logging.slf4j.Log4jLoggerFactory.getLogger(Log4jLoggerFactory.java:29)
	at org.slf4j.LoggerFactory.getLogger(LoggerFactory.java:358)
	at org.apache.logging.slf4j.SLF4JLoggerContext.getLogger(SLF4JLoggerContext.java:39)
	at org.apache.logging.slf4j.Log4jLoggerFactory.newLogger(Log4jLoggerFactory.java:37)
	at org.apache.logging.slf4j.Log4jLoggerFactory.newLogger(Log4jLoggerFactory.java:29)
	at org.apache.logging.log4j.spi.AbstractLoggerAdapter.getLogger(AbstractLoggerAdapter.java:52)
	at org.apache.logging.slf4j.Log4jLoggerFactory.getLogger(Log4jLoggerFactory.java:29)
	at org.slf4j.LoggerFactory.getLogger(LoggerFactory.java:358)
	at org.apache.logging.slf4j.SLF4JLoggerContext.getLogger(SLF4JLoggerContext.java:39)
	at org.apache.logging.slf4j.Log4jLoggerFactory.newLogger(Log4jLoggerFactory.java:37)
	at org.apache.logging.slf4j.Log4jLoggerFactory.newLogger(Log4jLoggerFactory.java:29)
	at org.apache.logging.log4j.spi.AbstractLoggerAdapter.getLogger(AbstractLoggerAdapter.java:52)
	at org.apache.logging.slf4j.Log4jLoggerFactory.getLogger(Log4jLoggerFactory.java:29)
	at org.slf4j.LoggerFactory.getLogger(LoggerFactory.java:358)
	at org.apache.logging.slf4j.SLF4JLoggerContext.getLogger(SLF4JLoggerContext.java:39)
	at org.apache.logging.slf4j.Log4jLoggerFactory.newLogger(Log4jLoggerFactory.java:37)
	at org.apache.logging.slf4j.Log4jLoggerFactory.newLogger(Log4jLoggerFactory.java:29)
	at org.apache.logging.log4j.spi.AbstractLoggerAdapter.getLogger(AbstractLoggerAdapter.java:52)
	at org.apache.logging.slf4j.Log4jLoggerFactory.getLogger(Log4jLoggerFactory.java:29)
	at org.slf4j.LoggerFactory.getLogger(LoggerFactory.java:358)
	at org.apache.logging.slf4j.SLF4JLoggerContext.getLogger(SLF4JLoggerContext.java:39)
	at org.apache.logging.slf4j.Log4jLoggerFactory.newLogger(Log4jLoggerFactory.java:37)
	at org.apache.logging.slf4j.Log4jLoggerFactory.newLogger(Log4jLoggerFactory.java:29)
	at org.apache.logging.log4j.spi.AbstractLoggerAdapter.getLogger(AbstractLoggerAdapter.java:52)
	at org.apache.logging.slf4j.Log4jLoggerFactory.getLogger(Log4jLoggerFactory.java:29)
	at org.slf4j.LoggerFactory.getLogger(LoggerFactory.java:358)
	at org.apache.logging.slf4j.SLF4JLoggerContext.getLogger(SLF4JLoggerContext.java:39)
	at org.apache.logging.slf4j.Log4jLoggerFactory.newLogger(Log4jLoggerFactory.java:37)
	at org.apache.logging.slf4j.Log4jLoggerFactory.newLogger(Log4jLoggerFactory.java:29)
	at org.apache.logging.log4j.spi.AbstractLoggerAdapter.getLogger(AbstractLoggerAdapter.java:52)
	at org.apache.logging.slf4j.Log4jLoggerFactory.getLogger(Log4jLoggerFactory.java:29)
	at org.slf4j.LoggerFactory.getLogger(LoggerFactory.java:358)
	at org.apache.logging.slf4j.SLF4JLoggerContext.getLogger(SLF4JLoggerContext.java:39)
	at org.apache.logging.slf4j.Log4jLoggerFactory.newLogger(Log4jLoggerFactory.java:37)
	at org.apache.logging.slf4j.Log4jLoggerFactory.newLogger(Log4jLoggerFactory.java:29)
	at org.apache.logging.log4j.spi.AbstractLoggerAdapter.getLogger(AbstractLoggerAdapter.java:52)
	at org.apache.logging.slf4j.Log4jLoggerFactory.getLogger(Log4jLoggerFactory.java:29)
	at org.slf4j.LoggerFactory.getLogger(LoggerFactory.java:358)
	at org.apache.logging.slf4j.SLF4JLoggerContext.getLogger(SLF4JLoggerContext.java:39)
	at org.apache.logging.slf4j.Log4jLoggerFactory.newLogger(Log4jLoggerFactory.java:37)
	at org.apache.logging.slf4j.Log4jLoggerFactory.newLogger(Log4jLoggerFactory.java:29)
	at org.apache.logging.log4j.spi.AbstractLoggerAdapter.getLogger(AbstractLoggerAdapter.java:52)
	at org.apache.logging.slf4j.Log4jLoggerFactory.getLogger(Log4jLoggerFactory.java:29)
	at org.slf4j.LoggerFactory.getLogger(LoggerFactory.java:358)
	at org.apache.logging.slf4j.SLF4JLoggerContext.getLogger(SLF4JLoggerContext.java:39)
	at org.apache.logging.slf4j.Log4jLoggerFactory.newLogger(Log4jLoggerFactory.java:37)
	at org.apache.logging.slf4j.Log4jLoggerFactory.newLogger(Log4jLoggerFactory.java:29)
	at org.apache.logging.log4j.spi.AbstractLoggerAdapter.getLogger(AbstractLoggerAdapter.java:52)
	at org.apache.logging.slf4j.Log4jLoggerFactory.getLogger(Log4jLoggerFactory.java:29)
	at org.slf4j.LoggerFactory.getLogger(LoggerFactory.java:358)
	at org.apache.logging.slf4j.SLF4JLoggerContext.getLogger(SLF4JLoggerContext.java:39)
	at org.apache.logging.slf4j.Log4jLoggerFactory.newLogger(Log4jLoggerFactory.java:37)
	at org.apache.logging.slf4j.Log4jLoggerFactory.newLogger(Log4jLoggerFactory.java:29)
	at org.apache.logging.log4j.spi.AbstractLoggerAdapter.getLogger(AbstractLoggerAdapter.java:52)
	at org.apache.logging.slf4j.Log4jLoggerFactory.getLogger(Log4jLoggerFactory.java:29)
	at org.slf4j.LoggerFactory.getLogger(LoggerFactory.java:358)
	at org.apache.logging.slf4j.SLF4JLoggerContext.getLogger(SLF4JLoggerContext.java:39)
	at org.apache.logging.slf4j.Log4jLoggerFactory.newLogger(Log4jLoggerFactory.java:37)
	at org.apache.logging.slf4j.Log4jLoggerFactory.newLogger(Log4jLoggerFactory.java:29)
	at org.apache.logging.log4j.spi.AbstractLoggerAdapter.getLogger(AbstractLoggerAdapter.java:52)
	at org.apache.logging.slf4j.Log4jLoggerFactory.getLogger(Log4jLoggerFactory.java:29)
	at org.slf4j.LoggerFactory.getLogger(LoggerFactory.java:358)
	at org.apache.logging.slf4j.SLF4JLoggerContext.getLogger(SLF4JLoggerContext.java:39)
	at org.apache.logging.slf4j.Log4jLoggerFactory.newLogger(Log4jLoggerFactory.java:37)
	at org.apache.logging.slf4j.Log4jLoggerFactory.newLogger(Log4jLoggerFactory.java:29)
	at org.apache.logging.log4j.spi.AbstractLoggerAdapter.getLogger(AbstractLoggerAdapter.java:52)
	at org.apache.logging.slf4j.Log4jLoggerFactory.getLogger(Log4jLoggerFactory.java:29)
	at org.slf4j.LoggerFactory.getLogger(LoggerFactory.java:358)
	at org.apache.logging.slf4j.SLF4JLoggerContext.getLogger(SLF4JLoggerContext.java:39)
	at org.apache.logging.slf4j.Log4jLoggerFactory.newLogger(Log4jLoggerFactory.java:37)
	at org.apache.logging.slf4j.Log4jLoggerFactory.newLogger(Log4jLoggerFactory.java:29)
	at org.apache.logging.log4j.spi.AbstractLoggerAdapter.getLogger(AbstractLoggerAdapter.java:52)
	at org.apache.logging.slf4j.Log4jLoggerFactory.getLogger(Log4jLoggerFactory.java:29)
	at org.slf4j.LoggerFactory.getLogger(LoggerFactory.java:358)
	at org.apache.logging.slf4j.SLF4JLoggerContext.getLogger(SLF4JLoggerContext.java:39)
	at org.apache.logging.slf4j.Log4jLoggerFactory.newLogger(Log4jLoggerFactory.java:37)
	at org.apache.logging.slf4j.Log4jLoggerFactory.newLogger(Log4jLoggerFactory.java:29)
	at org.apache.logging.log4j.spi.AbstractLoggerAdapter.getLogger(AbstractLoggerAdapter.java:52)
	at org.apache.logging.slf4j.Log4jLoggerFactory.getLogger(Log4jLoggerFactory.java:29)
	at org.slf4j.LoggerFactory.getLogger(LoggerFactory.java:358)
	at org.apache.logging.slf4j.SLF4JLoggerContext.getLogger(SLF4JLoggerContext.java:39)
	at org.apache.logging.slf4j.Log4jLoggerFactory.newLogger(Log4jLoggerFactory.java:37)
	at org.apache.logging.slf4j.Log4jLoggerFactory.newLogger(Log4jLoggerFactory.java:29)
	at org.apache.logging.log4j.spi.AbstractLoggerAdapter.getLogger(AbstractLoggerAdapter.java:52)
	at org.apache.logging.slf4j.Log4jLoggerFactory.getLogger(Log4jLoggerFactory.java:29)
	at org.slf4j.LoggerFactory.getLogger(LoggerFactory.java:358)
	at org.apache.logging.slf4j.SLF4JLoggerContext.getLogger(SLF4JLoggerContext.java:39)
	at org.apache.logging.slf4j.Log4jLoggerFactory.newLogger(Log4jLoggerFactory.java:37)
	at org.apache.logging.slf4j.Log4jLoggerFactory.newLogger(Log4jLoggerFactory.java:29)
	at org.apache.logging.log4j.spi.AbstractLoggerAdapter.getLogger(AbstractLoggerAdapter.java:52)
	at org.apache.logging.slf4j.Log4jLoggerFactory.getLogger(Log4jLoggerFactory.java:29)
	at org.slf4j.LoggerFactory.getLogger(LoggerFactory.java:358)
	at org.apache.logging.slf4j.SLF4JLoggerContext.getLogger(SLF4JLoggerContext.java:39)
	at org.apache.logging.slf4j.Log4jLoggerFactory.newLogger(Log4jLoggerFactory.java:37)
	at org.apache.logging.slf4j.Log4jLoggerFactory.newLogger(Log4jLoggerFactory.java:29)
	at org.apache.logging.log4j.spi.AbstractLoggerAdapter.getLogger(AbstractLoggerAdapter.java:52)
	at org.apache.logging.slf4j.Log4jLoggerFactory.getLogger(Log4jLoggerFactory.java:29)
	at org.slf4j.LoggerFactory.getLogger(LoggerFactory.java:358)
	at org.apache.logging.slf4j.SLF4JLoggerContext.getLogger(SLF4JLoggerContext.java:39)
	at org.apache.logging.slf4j.Log4jLoggerFactory.newLogger(Log4jLoggerFactory.java:37)
	at org.apache.logging.slf4j.Log4jLoggerFactory.newLogger(Log4jLoggerFactory.java:29)
	at org.apache.logging.log4j.spi.AbstractLoggerAdapter.getLogger(AbstractLoggerAdapter.java:52)
	at org.apache.logging.slf4j.Log4jLoggerFactory.getLogger(Log4jLoggerFactory.java:29)
	at org.slf4j.LoggerFactory.getLogger(LoggerFactory.java:358)
	at org.apache.logging.slf4j.SLF4JLoggerContext.getLogger(SLF4JLoggerContext.java:39)
	at org.apache.logging.slf4j.Log4jLoggerFactory.newLogger(Log4jLoggerFactory.java:37)
	at org.apache.logging.slf4j.Log4jLoggerFactory.newLogger(Log4jLoggerFactory.java:29)
	at org.apache.logging.log4j.spi.AbstractLoggerAdapter.getLogger(AbstractLoggerAdapter.java:52)
	at org.apache.logging.slf4j.Log4jLoggerFactory.getLogger(Log4jLoggerFactory.java:29)
	at org.slf4j.LoggerFactory.getLogger(LoggerFactory.java:358)
	at org.apache.logging.slf4j.SLF4JLoggerContext.getLogger(SLF4JLoggerContext.java:39)
	at org.apache.logging.slf4j.Log4jLoggerFactory.newLogger(Log4jLoggerFactory.java:37)
	at org.apache.logging.slf4j.Log4jLoggerFactory.newLogger(Log4jLoggerFactory.java:29)
	at org.apache.logging.log4j.spi.AbstractLoggerAdapter.getLogger(AbstractLoggerAdapter.java:52)
	at org.apache.logging.slf4j.Log4jLoggerFactory.getLogger(Log4jLoggerFactory.java:29)
	at org.slf4j.LoggerFactory.getLogger(LoggerFactory.java:358)
	at org.apache.logging.slf4j.SLF4JLoggerContext.getLogger(SLF4JLoggerContext.java:39)
	at org.apache.logging.slf4j.Log4jLoggerFactory.newLogger(Log4jLoggerFactory.java:37)
	at org.apache.logging.slf4j.Log4jLoggerFactory.newLogger(Log4jLoggerFactory.java:29)
	at org.apache.logging.log4j.spi.AbstractLoggerAdapter.getLogger(AbstractLoggerAdapter.java:52)
	at org.apache.logging.slf4j.Log4jLoggerFactory.getLogger(Log4jLoggerFactory.java:29)
	at org.slf4j.LoggerFactory.getLogger(LoggerFactory.java:358)
	at org.apache.logging.slf4j.SLF4JLoggerContext.getLogger(SLF4JLoggerContext.java:39)
	at org.apache.logging.slf4j.Log4jLoggerFactory.newLogger(Log4jLoggerFactory.java:37)
	at org.apache.logging.slf4j.Log4jLoggerFactory.newLogger(Log4jLoggerFactory.java:29)
	at org.apache.logging.log4j.spi.AbstractLoggerAdapter.getLogger(AbstractLoggerAdapter.java:52)
	at org.apache.logging.slf4j.Log4jLoggerFactory.getLogger(Log4jLoggerFactory.java:29)
	at org.slf4j.LoggerFactory.getLogger(LoggerFactory.java:358)
	at org.apache.logging.slf4j.SLF4JLoggerContext.getLogger(SLF4JLoggerContext.java:39)
	at org.apache.logging.slf4j.Log4jLoggerFactory.newLogger(Log4jLoggerFactory.java:37)
	at org.apache.logging.slf4j.Log4jLoggerFactory.newLogger(Log4jLoggerFactory.java:29)
	at org.apache.logging.log4j.spi.AbstractLoggerAdapter.getLogger(AbstractLoggerAdapter.java:52)
	at org.apache.logging.slf4j.Log4jLoggerFactory.getLogger(Log4jLoggerFactory.java:29)
	at org.slf4j.LoggerFactory.getLogger(LoggerFactory.java:358)
	at org.apache.logging.slf4j.SLF4JLoggerContext.getLogger(SLF4JLoggerContext.java:39)
	at org.apache.logging.slf4j.Log4jLoggerFactory.newLogger(Log4jLoggerFactory.java:37)
	at org.apache.logging.slf4j.Log4jLoggerFactory.newLogger(Log4jLoggerFactory.java:29)
	at org.apache.logging.log4j.spi.AbstractLoggerAdapter.getLogger(AbstractLoggerAdapter.java:52)
	at org.apache.logging.slf4j.Log4jLoggerFactory.getLogger(Log4jLoggerFactory.java:29)
	at org.slf4j.LoggerFactory.getLogger(LoggerFactory.java:358)
	at org.apache.logging.slf4j.SLF4JLoggerContext.getLogger(SLF4JLoggerContext.java:39)
	at org.apache.logging.slf4j.Log4jLoggerFactory.newLogger(Log4jLoggerFactory.java:37)
	at org.apache.logging.slf4j.Log4jLoggerFactory.newLogger(Log4jLoggerFactory.java:29)
	at org.apache.logging.log4j.spi.AbstractLoggerAdapter.getLogger(AbstractLoggerAdapter.java:52)
	at org.apache.logging.slf4j.Log4jLoggerFactory.getLogger(Log4jLoggerFactory.java:29)
	at org.slf4j.LoggerFactory.getLogger(LoggerFactory.java:358)
	at org.apache.logging.slf4j.SLF4JLoggerContext.getLogger(SLF4JLoggerContext.java:39)
	at org.apache.logging.slf4j.Log4jLoggerFactory.newLogger(Log4jLoggerFactory.java:37)
	at org.apache.logging.slf4j.Log4jLoggerFactory.newLogger(Log4jLoggerFactory.java:29)
	at org.apache.logging.log4j.spi.AbstractLoggerAdapter.getLogger(AbstractLoggerAdapter.java:52)
	at org.apache.logging.slf4j.Log4jLoggerFactory.getLogger(Log4jLoggerFactory.java:29)
	at org.slf4j.LoggerFactory.getLogger(LoggerFactory.java:358)
	at org.apache.logging.slf4j.SLF4JLoggerContext.getLogger(SLF4JLoggerContext.java:39)
	at org.apache.logging.slf4j.Log4jLoggerFactory.newLogger(Log4jLoggerFactory.java:37)
	at org.apache.logging.slf4j.Log4jLoggerFactory.newLogger(Log4jLoggerFactory.java:29)
	at org.apache.logging.log4j.spi.AbstractLoggerAdapter.getLogger(AbstractLoggerAdapter.java:52)
	at org.apache.logging.slf4j.Log4jLoggerFactory.getLogger(Log4jLoggerFactory.java:29)
	at org.slf4j.LoggerFactory.getLogger(LoggerFactory.java:358)
	at org.apache.logging.slf4j.SLF4JLoggerContext.getLogger(SLF4JLoggerContext.java:39)
	at org.apache.logging.slf4j.Log4jLoggerFactory.newLogger(Log4jLoggerFactory.java:37)
	at org.apache.logging.slf4j.Log4jLoggerFactory.newLogger(Log4jLoggerFactory.java:29)
	at org.apache.logging.log4j.spi.AbstractLoggerAdapter.getLogger(AbstractLoggerAdapter.java:52)
	at org.apache.logging.slf4j.Log4jLoggerFactory.getLogger(Log4jLoggerFactory.java:29)
	at org.slf4j.LoggerFactory.getLogger(LoggerFactory.java:358)
	at org.apache.logging.slf4j.SLF4JLoggerContext.getLogger(SLF4JLoggerContext.java:39)
	at org.apache.logging.slf4j.Log4jLoggerFactory.newLogger(Log4jLoggerFactory.java:37)
	at org.apache.logging.slf4j.Log4jLoggerFactory.newLogger(Log4jLoggerFactory.java:29)
	at org.apache.logging.log4j.spi.AbstractLoggerAdapter.getLogger(AbstractLoggerAdapter.java:52)
	at org.apache.logging.slf4j.Log4jLoggerFactory.getLogger(Log4jLoggerFactory.java:29)
	at org.slf4j.LoggerFactory.getLogger(LoggerFactory.java:358)
	at org.apache.logging.slf4j.SLF4JLoggerContext.getLogger(SLF4JLoggerContext.java:39)
	at org.apache.logging.slf4j.Log4jLoggerFactory.newLogger(Log4jLoggerFactory.java:37)
	at org.apache.logging.slf4j.Log4jLoggerFactory.newLogger(Log4jLoggerFactory.java:29)
	at org.apache.logging.log4j.spi.AbstractLoggerAdapter.getLogger(AbstractLoggerAdapter.java:52)
	at org.apache.logging.slf4j.Log4jLoggerFactory.getLogger(Log4jLoggerFactory.java:29)
	at org.slf4j.LoggerFactory.getLogger(LoggerFactory.java:358)
	at org.apache.logging.slf4j.SLF4JLoggerContext.getLogger(SLF4JLoggerContext.java:39)
	at org.apache.logging.slf4j.Log4jLoggerFactory.newLogger(Log4jLoggerFactory.java:37)
	at org.apache.logging.slf4j.Log4jLoggerFactory.newLogger(Log4jLoggerFactory.java:29)
	at org.apache.logging.log4j.spi.AbstractLoggerAdapter.getLogger(AbstractLoggerAdapter.java:52)
	at org.apache.logging.slf4j.Log4jLoggerFactory.getLogger(Log4jLoggerFactory.java:29)
	at org.slf4j.LoggerFactory.getLogger(LoggerFactory.java:358)
	at org.apache.logging.slf4j.SLF4JLoggerContext.getLogger(SLF4JLoggerContext.java:39)
	at org.apache.logging.slf4j.Log4jLoggerFactory.newLogger(Log4jLoggerFactory.java:37)
	at org.apache.logging.slf4j.Log4jLoggerFactory.newLogger(Log4jLoggerFactory.java:29)
	at org.apache.logging.log4j.spi.AbstractLoggerAdapter.getLogger(AbstractLoggerAdapter.java:52)
	at org.apache.logging.slf4j.Log4jLoggerFactory.getLogger(Log4jLoggerFactory.java:29)
	at org.slf4j.LoggerFactory.getLogger(LoggerFactory.java:358)
	at org.apache.logging.slf4j.SLF4JLoggerContext.getLogger(SLF4JLoggerContext.java:39)
	at org.apache.logging.slf4j.Log4jLoggerFactory.newLogger(Log4jLoggerFactory.java:37)
	at org.apache.logging.slf4j.Log4jLoggerFactory.newLogger(Log4jLoggerFactory.java:29)
	at org.apache.logging.log4j.spi.AbstractLoggerAdapter.getLogger(AbstractLoggerAdapter.java:52)
	at org.apache.logging.slf4j.Log4jLoggerFactory.getLogger(Log4jLoggerFactory.java:29)
	at org.slf4j.LoggerFactory.getLogger(LoggerFactory.java:358)
	at org.apache.logging.slf4j.SLF4JLoggerContext.getLogger(SLF4JLoggerContext.java:39)
	at org.apache.logging.slf4j.Log4jLoggerFactory.newLogger(Log4jLoggerFactory.java:37)
	at org.apache.logging.slf4j.Log4jLoggerFactory.newLogger(Log4jLoggerFactory.java:29)
	at org.apache.logging.log4j.spi.AbstractLoggerAdapter.getLogger(AbstractLoggerAdapter.java:52)
	at org.apache.logging.slf4j.Log4jLoggerFactory.getLogger(Log4jLoggerFactory.java:29)
	at org.slf4j.LoggerFactory.getLogger(LoggerFactory.java:358)
	at org.apache.logging.slf4j.SLF4JLoggerContext.getLogger(SLF4JLoggerContext.java:39)
	at org.apache.logging.slf4j.Log4jLoggerFactory.newLogger(Log4jLoggerFactory.java:37)
	at org.apache.logging.slf4j.Log4jLoggerFactory.newLogger(Log4jLoggerFactory.java:29)
	at org.apache.logging.log4j.spi.AbstractLoggerAdapter.getLogger(AbstractLoggerAdapter.java:52)
	at org.apache.logging.slf4j.Log4jLoggerFactory.getLogger(Log4jLoggerFactory.java:29)
	at org.slf4j.LoggerFactory.getLogger(LoggerFactory.java:358)
	at org.apache.logging.slf4j.SLF4JLoggerContext.getLogger(SLF4JLoggerContext.java:39)
	at org.apache.logging.slf4j.Log4jLoggerFactory.newLogger(Log4jLoggerFactory.java:37)
	at org.apache.logging.slf4j.Log4jLoggerFactory.newLogger(Log4jLoggerFactory.java:29)
	at org.apache.logging.log4j.spi.AbstractLoggerAdapter.getLogger(AbstractLoggerAdapter.java:52)
	at org.apache.logging.slf4j.Log4jLoggerFactory.getLogger(Log4jLoggerFactory.java:29)
	at org.slf4j.LoggerFactory.getLogger(LoggerFactory.java:358)
	at org.apache.logging.slf4j.SLF4JLoggerContext.getLogger(SLF4JLoggerContext.java:39)
	at org.apache.logging.slf4j.Log4jLoggerFactory.newLogger(Log4jLoggerFactory.java:37)
	at org.apache.logging.slf4j.Log4jLoggerFactory.newLogger(Log4jLoggerFactory.java:29)
	at org.apache.logging.log4j.spi.AbstractLoggerAdapter.getLogger(AbstractLoggerAdapter.java:52)
	at org.apache.logging.slf4j.Log4jLoggerFactory.getLogger(Log4jLoggerFactory.java:29)
	at org.slf4j.LoggerFactory.getLogger(LoggerFactory.java:358)
	at org.apache.logging.slf4j.SLF4JLoggerContext.getLogger(SLF4JLoggerContext.java:39)
	at org.apache.logging.slf4j.Log4jLoggerFactory.newLogger(Log4jLoggerFactory.java:37)
	at org.apache.logging.slf4j.Log4jLoggerFactory.newLogger(Log4jLoggerFactory.java:29)
	at org.apache.logging.log4j.spi.AbstractLoggerAdapter.getLogger(AbstractLoggerAdapter.java:52)
	at org.apache.logging.slf4j.Log4jLoggerFactory.getLogger(Log4jLoggerFactory.java:29)
	at org.slf4j.LoggerFactory.getLogger(LoggerFactory.java:358)
	at org.apache.logging.slf4j.SLF4JLoggerContext.getLogger(SLF4JLoggerContext.java:39)
	at org.apache.logging.slf4j.Log4jLoggerFactory.newLogger(Log4jLoggerFactory.java:37)
	at org.apache.logging.slf4j.Log4jLoggerFactory.newLogger(Log4jLoggerFactory.java:29)
	at org.apache.logging.log4j.spi.AbstractLoggerAdapter.getLogger(AbstractLoggerAdapter.java:52)
	at org.apache.logging.slf4j.Log4jLoggerFactory.getLogger(Log4jLoggerFactory.java:29)
	at org.slf4j.LoggerFactory.getLogger(LoggerFactory.java:358)
	at org.apache.logging.slf4j.SLF4JLoggerContext.getLogger(SLF4JLoggerContext.java:39)
	at org.apache.logging.slf4j.Log4jLoggerFactory.newLogger(Log4jLoggerFactory.java:37)
	at org.apache.logging.slf4j.Log4jLoggerFactory.newLogger(Log4jLoggerFactory.java:29)
	at org.apache.logging.log4j.spi.AbstractLoggerAdapter.getLogger(AbstractLoggerAdapter.java:52)
	at org.apache.logging.slf4j.Log4jLoggerFactory.getLogger(Log4jLoggerFactory.java:29)
	at org.slf4j.LoggerFactory.getLogger(LoggerFactory.java:358)
	at org.apache.logging.slf4j.SLF4JLoggerContext.getLogger(SLF4JLoggerContext.java:39)
	at org.apache.logging.slf4j.Log4jLoggerFactory.newLogger(Log4jLoggerFactory.java:37)
	at org.apache.logging.slf4j.Log4jLoggerFactory.newLogger(Log4jLoggerFactory.java:29)
	at org.apache.logging.log4j.spi.AbstractLoggerAdapter.getLogger(AbstractLoggerAdapter.java:52)
	at org.apache.logging.slf4j.Log4jLoggerFactory.getLogger(Log4jLoggerFactory.java:29)
	at org.slf4j.LoggerFactory.getLogger(LoggerFactory.java:358)
	at org.apache.logging.slf4j.SLF4JLoggerContext.getLogger(SLF4JLoggerContext.java:39)
	at org.apache.logging.slf4j.Log4jLoggerFactory.newLogger(Log4jLoggerFactory.java:37)
	at org.apache.logging.slf4j.Log4jLoggerFactory.newLogger(Log4jLoggerFactory.java:29)
	at org.apache.logging.log4j.spi.AbstractLoggerAdapter.getLogger(AbstractLoggerAdapter.java:52)
	at org.apache.logging.slf4j.Log4jLoggerFactory.getLogger(Log4jLoggerFactory.java:29)
	at org.slf4j.LoggerFactory.getLogger(LoggerFactory.java:358)
	at org.apache.logging.slf4j.SLF4JLoggerContext.getLogger(SLF4JLoggerContext.java:39)
	at org.apache.logging.slf4j.Log4jLoggerFactory.newLogger(Log4jLoggerFactory.java:37)
	at org.apache.logging.slf4j.Log4jLoggerFactory.newLogger(Log4jLoggerFactory.java:29)
	at org.apache.logging.log4j.spi.AbstractLoggerAdapter.getLogger(AbstractLoggerAdapter.java:52)
	at org.apache.logging.slf4j.Log4jLoggerFactory.getLogger(Log4jLoggerFactory.java:29)
	at org.slf4j.LoggerFactory.getLogger(LoggerFactory.java:358)
	at org.apache.logging.slf4j.SLF4JLoggerContext.getLogger(SLF4JLoggerContext.java:39)
	at org.apache.logging.slf4j.Log4jLoggerFactory.newLogger(Log4jLoggerFactory.java:37)
	at org.apache.logging.slf4j.Log4jLoggerFactory.newLogger(Log4jLoggerFactory.java:29)
	at org.apache.logging.log4j.spi.AbstractLoggerAdapter.getLogger(AbstractLoggerAdapter.java:52)
	at org.apache.logging.slf4j.Log4jLoggerFactory.getLogger(Log4jLoggerFactory.java:29)
	at org.slf4j.LoggerFactory.getLogger(LoggerFactory.java:358)
	at org.apache.logging.slf4j.SLF4JLoggerContext.getLogger(SLF4JLoggerContext.java:39)
	at org.apache.logging.slf4j.Log4jLoggerFactory.newLogger(Log4jLoggerFactory.java:37)
	at org.apache.logging.slf4j.Log4jLoggerFactory.newLogger(Log4jLoggerFactory.java:29)
	at org.apache.logging.log4j.spi.AbstractLoggerAdapter.getLogger(AbstractLoggerAdapter.java:52)
	at org.apache.logging.slf4j.Log4jLoggerFactory.getLogger(Log4jLoggerFactory.java:29)
	at org.slf4j.LoggerFactory.getLogger(LoggerFactory.java:358)
	at org.apache.logging.slf4j.SLF4JLoggerContext.getLogger(SLF4JLoggerContext.java:39)
	at org.apache.logging.slf4j.Log4jLoggerFactory.newLogger(Log4jLoggerFactory.java:37)
	at org.apache.logging.slf4j.Log4jLoggerFactory.newLogger(Log4jLoggerFactory.java:29)
	at org.apache.logging.log4j.spi.AbstractLoggerAdapter.getLogger(AbstractLoggerAdapter.java:52)
	at org.apache.logging.slf4j.Log4jLoggerFactory.getLogger(Log4jLoggerFactory.java:29)
	at org.slf4j.LoggerFactory.getLogger(LoggerFactory.java:358)
	at org.apache.logging.slf4j.SLF4JLoggerContext.getLogger(SLF4JLoggerContext.java:39)
	at org.apache.logging.slf4j.Log4jLoggerFactory.newLogger(Log4jLoggerFactory.java:37)
	at org.apache.logging.slf4j.Log4jLoggerFactory.newLogger(Log4jLoggerFactory.java:29)
	at org.apache.logging.log4j.spi.AbstractLoggerAdapter.getLogger(AbstractLoggerAdapter.java:52)
	at org.apache.logging.slf4j.Log4jLoggerFactory.getLogger(Log4jLoggerFactory.java:29)
	at org.slf4j.LoggerFactory.getLogger(LoggerFactory.java:358)
	at org.apache.logging.slf4j.SLF4JLoggerContext.getLogger(SLF4JLoggerContext.java:39)
	at org.apache.logging.slf4j.Log4jLoggerFactory.newLogger(Log4jLoggerFactory.java:37)
	at org.apache.logging.slf4j.Log4jLoggerFactory.newLogger(Log4jLoggerFactory.java:29)
	at org.apache.logging.log4j.spi.AbstractLoggerAdapter.getLogger(AbstractLoggerAdapter.java:52)
	at org.apache.logging.slf4j.Log4jLoggerFactory.getLogger(Log4jLoggerFactory.java:29)
	at org.slf4j.LoggerFactory.getLogger(LoggerFactory.java:358)
	at org.apache.logging.slf4j.SLF4JLoggerContext.getLogger(SLF4JLoggerContext.java:39)
	at org.apache.logging.slf4j.Log4jLoggerFactory.newLogger(Log4jLoggerFactory.java:37)
	at org.apache.logging.slf4j.Log4jLoggerFactory.newLogger(Log4jLoggerFactory.java:29)
	at org.apache.logging.log4j.spi.AbstractLoggerAdapter.getLogger(AbstractLoggerAdapter.java:52)
	at org.apache.logging.slf4j.Log4jLoggerFactory.getLogger(Log4jLoggerFactory.java:29)
	at org.slf4j.LoggerFactory.getLogger(LoggerFactory.java:358)
	at org.apache.logging.slf4j.SLF4JLoggerContext.getLogger(SLF4JLoggerContext.java:39)
	at org.apache.logging.slf4j.Log4jLoggerFactory.newLogger(Log4jLoggerFactory.java:37)
	at org.apache.logging.slf4j.Log4jLoggerFactory.newLogger(Log4jLoggerFactory.java:29)
	at org.apache.logging.log4j.spi.AbstractLoggerAdapter.getLogger(AbstractLoggerAdapter.java:52)
	at org.apache.logging.slf4j.Log4jLoggerFactory.getLogger(Log4jLoggerFactory.java:29)
	at org.slf4j.LoggerFactory.getLogger(LoggerFactory.java:358)
	at org.apache.logging.slf4j.SLF4JLoggerContext.getLogger(SLF4JLoggerContext.java:39)
	at org.apache.logging.slf4j.Log4jLoggerFactory.newLogger(Log4jLoggerFactory.java:37)
	at org.apache.logging.slf4j.Log4jLoggerFactory.newLogger(Log4jLoggerFactory.java:29)
	at org.apache.logging.log4j.spi.AbstractLoggerAdapter.getLogger(AbstractLoggerAdapter.java:52)
	at org.apache.logging.slf4j.Log4jLoggerFactory.getLogger(Log4jLoggerFactory.java:29)
	at org.slf4j.LoggerFactory.getLogger(LoggerFactory.java:358)
	at org.apache.logging.slf4j.SLF4JLoggerContext.getLogger(SLF4JLoggerContext.java:39)
	at org.apache.logging.slf4j.Log4jLoggerFactory.newLogger(Log4jLoggerFactory.java:37)
	at org.apache.logging.slf4j.Log4jLoggerFactory.newLogger(Log4jLoggerFactory.java:29)
	at org.apache.logging.log4j.spi.AbstractLoggerAdapter.getLogger(AbstractLoggerAdapter.java:52)
	at org.apache.logging.slf4j.Log4jLoggerFactory.getLogger(Log4jLoggerFactory.java:29)
	at org.slf4j.LoggerFactory.getLogger(LoggerFactory.java:358)
	at org.apache.logging.slf4j.SLF4JLoggerContext.getLogger(SLF4JLoggerContext.java:39)
	at org.apache.logging.slf4j.Log4jLoggerFactory.newLogger(Log4jLoggerFactory.java:37)
	at org.apache.logging.slf4j.Log4jLoggerFactory.newLogger(Log4jLoggerFactory.java:29)
	at org.apache.logging.log4j.spi.AbstractLoggerAdapter.getLogger(AbstractLoggerAdapter.java:52)
	at org.apache.logging.slf4j.Log4jLoggerFactory.getLogger(Log4jLoggerFactory.java:29)
	at org.slf4j.LoggerFactory.getLogger(LoggerFactory.java:358)
	at org.apache.logging.slf4j.SLF4JLoggerContext.getLogger(SLF4JLoggerContext.java:39)
	at org.apache.logging.slf4j.Log4jLoggerFactory.newLogger(Log4jLoggerFactory.java:37)
	at org.apache.logging.slf4j.Log4jLoggerFactory.newLogger(Log4jLoggerFactory.java:29)
	at org.apache.logging.log4j.spi.AbstractLoggerAdapter.getLogger(AbstractLoggerAdapter.java:52)
	at org.apache.logging.slf4j.Log4jLoggerFactory.getLogger(Log4jLoggerFactory.java:29)
	at org.slf4j.LoggerFactory.getLogger(LoggerFactory.java:358)
	at org.apache.logging.slf4j.SLF4JLoggerContext.getLogger(SLF4JLoggerContext.java:39)
	at org.apache.logging.slf4j.Log4jLoggerFactory.newLogger(Log4jLoggerFactory.java:37)
	at org.apache.logging.slf4j.Log4jLoggerFactory.newLogger(Log4jLoggerFactory.java:29)
	at org.apache.logging.log4j.spi.AbstractLoggerAdapter.getLogger(AbstractLoggerAdapter.java:52)
	at org.apache.logging.slf4j.Log4jLoggerFactory.getLogger(Log4jLoggerFactory.java:29)
	at org.slf4j.LoggerFactory.getLogger(LoggerFactory.java:358)
	at org.apache.logging.slf4j.SLF4JLoggerContext.getLogger(SLF4JLoggerContext.java:39)
	at org.apache.logging.slf4j.Log4jLoggerFactory.newLogger(Log4jLoggerFactory.java:37)
	at org.apache.logging.slf4j.Log4jLoggerFactory.newLogger(Log4jLoggerFactory.java:29)
	at org.apache.logging.log4j.spi.AbstractLoggerAdapter.getLogger(AbstractLoggerAdapter.java:52)
	at org.apache.logging.slf4j.Log4jLoggerFactory.getLogger(Log4jLoggerFactory.java:29)
	at org.slf4j.LoggerFactory.getLogger(LoggerFactory.java:358)
	at org.apache.logging.slf4j.SLF4JLoggerContext.getLogger(SLF4JLoggerContext.java:39)
	at org.apache.logging.slf4j.Log4jLoggerFactory.newLogger(Log4jLoggerFactory.java:37)
	at org.apache.logging.slf4j.Log4jLoggerFactory.newLogger(Log4jLoggerFactory.java:29)
	at org.apache.logging.log4j.spi.AbstractLoggerAdapter.getLogger(AbstractLoggerAdapter.java:52)
	at org.apache.logging.slf4j.Log4jLoggerFactory.getLogger(Log4jLoggerFactory.java:29)
	at org.slf4j.LoggerFactory.getLogger(LoggerFactory.java:358)
	at org.apache.logging.slf4j.SLF4JLoggerContext.getLogger(SLF4JLoggerContext.java:39)
	at org.apache.logging.slf4j.Log4jLoggerFactory.newLogger(Log4jLoggerFactory.java:37)
	at org.apache.logging.slf4j.Log4jLoggerFactory.newLogger(Log4jLoggerFactory.java:29)
	at org.apache.logging.log4j.spi.AbstractLoggerAdapter.getLogger(AbstractLoggerAdapter.java:52)
	at org.apache.logging.slf4j.Log4jLoggerFactory.getLogger(Log4jLoggerFactory.java:29)
	at org.slf4j.LoggerFactory.getLogger(LoggerFactory.java:358)
	at org.apache.logging.slf4j.SLF4JLoggerContext.getLogger(SLF4JLoggerContext.java:39)
	at org.apache.logging.slf4j.Log4jLoggerFactory.newLogger(Log4jLoggerFactory.java:37)
	at org.apache.logging.slf4j.Log4jLoggerFactory.newLogger(Log4jLoggerFactory.java:29)
	at org.apache.logging.log4j.spi.AbstractLoggerAdapter.getLogger(AbstractLoggerAdapter.java:52)
	at org.apache.logging.slf4j.Log4jLoggerFactory.getLogger(Log4jLoggerFactory.java:29)
	at org.slf4j.LoggerFactory.getLogger(LoggerFactory.java:358)
	at org.apache.logging.slf4j.SLF4JLoggerContext.getLogger(SLF4JLoggerContext.java:39)
	at org.apache.logging.slf4j.Log4jLoggerFactory.newLogger(Log4jLoggerFactory.java:37)
	at org.apache.logging.slf4j.Log4jLoggerFactory.newLogger(Log4jLoggerFactory.java:29)
	at org.apache.logging.log4j.spi.AbstractLoggerAdapter.getLogger(AbstractLoggerAdapter.java:52)
	at org.apache.logging.slf4j.Log4jLoggerFactory.getLogger(Log4jLoggerFactory.java:29)
	at org.slf4j.LoggerFactory.getLogger(LoggerFactory.java:358)
	at org.apache.logging.slf4j.SLF4JLoggerContext.getLogger(SLF4JLoggerContext.java:39)
	at org.apache.logging.slf4j.Log4jLoggerFactory.newLogger(Log4jLoggerFactory.java:37)
	at org.apache.logging.slf4j.Log4jLoggerFactory.newLogger(Log4jLoggerFactory.java:29)
	at org.apache.logging.log4j.spi.AbstractLoggerAdapter.getLogger(AbstractLoggerAdapter.java:52)
	at org.apache.logging.slf4j.Log4jLoggerFactory.getLogger(Log4jLoggerFactory.java:29)
	at org.slf4j.LoggerFactory.getLogger(LoggerFactory.java:358)
	at org.apache.logging.slf4j.SLF4JLoggerContext.getLogger(SLF4JLoggerContext.java:39)
	at org.apache.logging.slf4j.Log4jLoggerFactory.newLogger(Log4jLoggerFactory.java:37)
	at org.apache.logging.slf4j.Log4jLoggerFactory.newLogger(Log4jLoggerFactory.java:29)
	at org.apache.logging.log4j.spi.AbstractLoggerAdapter.getLogger(AbstractLoggerAdapter.java:52)
	at org.apache.logging.slf4j.Log4jLoggerFactory.getLogger(Log4jLoggerFactory.java:29)
	at org.slf4j.LoggerFactory.getLogger(LoggerFactory.java:358)
	at org.apache.logging.slf4j.SLF4JLoggerContext.getLogger(SLF4JLoggerContext.java:39)
	at org.apache.logging.slf4j.Log4jLoggerFactory.newLogger(Log4jLoggerFactory.java:37)
	at org.apache.logging.slf4j.Log4jLoggerFactory.newLogger(Log4jLoggerFactory.java:29)
	at org.apache.logging.log4j.spi.AbstractLoggerAdapter.getLogger(AbstractLoggerAdapter.java:52)
	at org.apache.logging.slf4j.Log4jLoggerFactory.getLogger(Log4jLoggerFactory.java:29)
	at org.slf4j.LoggerFactory.getLogger(LoggerFactory.java:358)
	at org.apache.logging.slf4j.SLF4JLoggerContext.getLogger(SLF4JLoggerContext.java:39)
	at org.apache.logging.slf4j.Log4jLoggerFactory.newLogger(Log4jLoggerFactory.java:37)
	at org.apache.logging.slf4j.Log4jLoggerFactory.newLogger(Log4jLoggerFactory.java:29)
	at org.apache.logging.log4j.spi.AbstractLoggerAdapter.getLogger(AbstractLoggerAdapter.java:52)
	at org.apache.logging.slf4j.Log4jLoggerFactory.getLogger(Log4jLoggerFactory.java:29)
	at org.slf4j.LoggerFactory.getLogger(LoggerFactory.java:358)
	at org.apache.logging.slf4j.SLF4JLoggerContext.getLogger(SLF4JLoggerContext.java:39)
	at org.apache.logging.slf4j.Log4jLoggerFactory.newLogger(Log4jLoggerFactory.java:37)
	at org.apache.logging.slf4j.Log4jLoggerFactory.newLogger(Log4jLoggerFactory.java:29)
	at org.apache.logging.log4j.spi.AbstractLoggerAdapter.getLogger(AbstractLoggerAdapter.java:52)
	at org.apache.logging.slf4j.Log4jLoggerFactory.getLogger(Log4jLoggerFactory.java:29)
	at org.slf4j.LoggerFactory.getLogger(LoggerFactory.java:358)
	at org.apache.logging.slf4j.SLF4JLoggerContext.getLogger(SLF4JLoggerContext.java:39)
	at org.apache.logging.slf4j.Log4jLoggerFactory.newLogger(Log4jLoggerFactory.java:37)
	at org.apache.logging.slf4j.Log4jLoggerFactory.newLogger(Log4jLoggerFactory.java:29)
	at org.apache.logging.log4j.spi.AbstractLoggerAdapter.getLogger(AbstractLoggerAdapter.java:52)
	at org.apache.logging.slf4j.Log4jLoggerFactory.getLogger(Log4jLoggerFactory.java:29)
	at org.slf4j.LoggerFactory.getLogger(LoggerFactory.java:358)
	at org.apache.logging.slf4j.SLF4JLoggerContext.getLogger(SLF4JLoggerContext.java:39)
	at org.apache.logging.slf4j.Log4jLoggerFactory.newLogger(Log4jLoggerFactory.java:37)
	at org.apache.logging.slf4j.Log4jLoggerFactory.newLogger(Log4jLoggerFactory.java:29)
	at org.apache.logging.log4j.spi.AbstractLoggerAdapter.getLogger(AbstractLoggerAdapter.java:52)
	at org.apache.logging.slf4j.Log4jLoggerFactory.getLogger(Log4jLoggerFactory.java:29)
	at org.slf4j.LoggerFactory.getLogger(LoggerFactory.java:358)
	at org.apache.logging.slf4j.SLF4JLoggerContext.getLogger(SLF4JLoggerContext.java:39)
	at org.apache.logging.slf4j.Log4jLoggerFactory.newLogger(Log4jLoggerFactory.java:37)
	at org.apache.logging.slf4j.Log4jLoggerFactory.newLogger(Log4jLoggerFactory.java:29)
	at org.apache.logging.log4j.spi.AbstractLoggerAdapter.getLogger(AbstractLoggerAdapter.java:52)
	at org.apache.logging.slf4j.Log4jLoggerFactory.getLogger(Log4jLoggerFactory.java:29)
	at org.slf4j.LoggerFactory.getLogger(LoggerFactory.java:358)
	at org.apache.logging.slf4j.SLF4JLoggerContext.getLogger(SLF4JLoggerContext.java:39)
	at org.apache.logging.slf4j.Log4jLoggerFactory.newLogger(Log4jLoggerFactory.java:37)
	at org.apache.logging.slf4j.Log4jLoggerFactory.newLogger(Log4jLoggerFactory.java:29)
	at org.apache.logging.log4j.spi.AbstractLoggerAdapter.getLogger(AbstractLoggerAdapter.java:52)
	at org.apache.logging.slf4j.Log4jLoggerFactory.getLogger(Log4jLoggerFactory.java:29)
	at org.slf4j.LoggerFactory.getLogger(LoggerFactory.java:358)
	at org.apache.logging.slf4j.SLF4JLoggerContext.getLogger(SLF4JLoggerContext.java:39)
	at org.apache.logging.slf4j.Log4jLoggerFactory.newLogger(Log4jLoggerFactory.java:37)
	at org.apache.logging.slf4j.Log4jLoggerFactory.newLogger(Log4jLoggerFactory.java:29)
	at org.apache.logging.log4j.spi.AbstractLoggerAdapter.getLogger(AbstractLoggerAdapter.java:52)
	at org.apache.logging.slf4j.Log4jLoggerFactory.getLogger(Log4jLoggerFactory.java:29)
	at org.slf4j.LoggerFactory.getLogger(LoggerFactory.java:358)
	at org.apache.logging.slf4j.SLF4JLoggerContext.getLogger(SLF4JLoggerContext.java:39)
	at org.apache.logging.slf4j.Log4jLoggerFactory.newLogger(Log4jLoggerFactory.java:37)
	at org.apache.logging.slf4j.Log4jLoggerFactory.newLogger(Log4jLoggerFactory.java:29)
	at org.apache.logging.log4j.spi.AbstractLoggerAdapter.getLogger(AbstractLoggerAdapter.java:52)
	at org.apache.logging.slf4j.Log4jLoggerFactory.getLogger(Log4jLoggerFactory.java:29)
	at org.slf4j.LoggerFactory.getLogger(LoggerFactory.java:358)
	at org.apache.logging.slf4j.SLF4JLoggerContext.getLogger(SLF4JLoggerContext.java:39)
	at org.apache.logging.slf4j.Log4jLoggerFactory.newLogger(Log4jLoggerFactory.java:37)
	at org.apache.logging.slf4j.Log4jLoggerFactory.newLogger(Log4jLoggerFactory.java:29)
	at org.apache.logging.log4j.spi.AbstractLoggerAdapter.getLogger(AbstractLoggerAdapter.java:52)
	at org.apache.logging.slf4j.Log4jLoggerFactory.getLogger(Log4jLoggerFactory.java:29)
	at org.slf4j.LoggerFactory.getLogger(LoggerFactory.java:358)
	at org.apache.logging.slf4j.SLF4JLoggerContext.getLogger(SLF4JLoggerContext.java:39)
	at org.apache.logging.slf4j.Log4jLoggerFactory.newLogger(Log4jLoggerFactory.java:37)
	at org.apache.logging.slf4j.Log4jLoggerFactory.newLogger(Log4jLoggerFactory.java:29)
	at org.apache.logging.log4j.spi.AbstractLoggerAdapter.getLogger(AbstractLoggerAdapter.java:52)
	at org.apache.logging.slf4j.Log4jLoggerFactory.getLogger(Log4jLoggerFactory.java:29)
	at org.slf4j.LoggerFactory.getLogger(LoggerFactory.java:358)
	at org.apache.logging.slf4j.SLF4JLoggerContext.getLogger(SLF4JLoggerContext.java:39)
	at org.apache.logging.slf4j.Log4jLoggerFactory.newLogger(Log4jLoggerFactory.java:37)
	at org.apache.logging.slf4j.Log4jLoggerFactory.newLogger(Log4jLoggerFactory.java:29)
	at org.apache.logging.log4j.spi.AbstractLoggerAdapter.getLogger(AbstractLoggerAdapter.java:52)
	at org.apache.logging.slf4j.Log4jLoggerFactory.getLogger(Log4jLoggerFactory.java:29)
	at org.slf4j.LoggerFactory.getLogger(LoggerFactory.java:358)
	at org.apache.logging.slf4j.SLF4JLoggerContext.getLogger(SLF4JLoggerContext.java:39)
	at org.apache.logging.slf4j.Log4jLoggerFactory.newLogger(Log4jLoggerFactory.java:37)
	at org.apache.logging.slf4j.Log4jLoggerFactory.newLogger(Log4jLoggerFactory.java:29)
	at org.apache.logging.log4j.spi.AbstractLoggerAdapter.getLogger(AbstractLoggerAdapter.java:52)
	at org.apache.logging.slf4j.Log4jLoggerFactory.getLogger(Log4jLoggerFactory.java:29)
	at org.slf4j.LoggerFactory.getLogger(LoggerFactory.java:358)
	at org.apache.logging.slf4j.SLF4JLoggerContext.getLogger(SLF4JLoggerContext.java:39)
	at org.apache.logging.slf4j.Log4jLoggerFactory.newLogger(Log4jLoggerFactory.java:37)
	at org.apache.logging.slf4j.Log4jLoggerFactory.newLogger(Log4jLoggerFactory.java:29)
	at org.apache.logging.log4j.spi.AbstractLoggerAdapter.getLogger(AbstractLoggerAdapter.java:52)
	at org.apache.logging.slf4j.Log4jLoggerFactory.getLogger(Log4jLoggerFactory.java:29)
	at org.slf4j.LoggerFactory.getLogger(LoggerFactory.java:358)
	at org.apache.logging.slf4j.SLF4JLoggerContext.getLogger(SLF4JLoggerContext.java:39)
	at org.apache.logging.slf4j.Log4jLoggerFactory.newLogger(Log4jLoggerFactory.java:37)
	at org.apache.logging.slf4j.Log4jLoggerFactory.newLogger(Log4jLoggerFactory.java:29)
	at org.apache.logging.log4j.spi.AbstractLoggerAdapter.getLogger(AbstractLoggerAdapter.java:52)
	at org.apache.logging.slf4j.Log4jLoggerFactory.getLogger(Log4jLoggerFactory.java:29)
	at org.slf4j.LoggerFactory.getLogger(LoggerFactory.java:358)
	at org.apache.logging.slf4j.SLF4JLoggerContext.getLogger(SLF4JLoggerContext.java:39)
	at org.apache.logging.slf4j.Log4jLoggerFactory.newLogger(Log4jLoggerFactory.java:37)
	at org.apache.logging.slf4j.Log4jLoggerFactory.newLogger(Log4jLoggerFactory.java:29)
	at org.apache.logging.log4j.spi.AbstractLoggerAdapter.getLogger(AbstractLoggerAdapter.java:52)
	at org.apache.logging.slf4j.Log4jLoggerFactory.getLogger(Log4jLoggerFactory.java:29)
	at org.slf4j.LoggerFactory.getLogger(LoggerFactory.java:358)
	at org.apache.logging.slf4j.SLF4JLoggerContext.getLogger(SLF4JLoggerContext.java:39)
	at org.apache.logging.slf4j.Log4jLoggerFactory.newLogger(Log4jLoggerFactory.java:37)
	at org.apache.logging.slf4j.Log4jLoggerFactory.newLogger(Log4jLoggerFactory.java:29)
	at org.apache.logging.log4j.spi.AbstractLoggerAdapter.getLogger(AbstractLoggerAdapter.java:52)
	at org.apache.logging.slf4j.Log4jLoggerFactory.getLogger(Log4jLoggerFactory.java:29)
	at org.slf4j.LoggerFactory.getLogger(LoggerFactory.java:358)
	at org.apache.logging.slf4j.SLF4JLoggerContext.getLogger(SLF4JLoggerContext.java:39)
	at org.apache.logging.slf4j.Log4jLoggerFactory.newLogger(Log4jLoggerFactory.java:37)
	at org.apache.logging.slf4j.Log4jLoggerFactory.newLogger(Log4jLoggerFactory.java:29)
	at org.apache.logging.log4j.spi.AbstractLoggerAdapter.getLogger(AbstractLoggerAdapter.java:52)
	at org.apache.logging.slf4j.Log4jLoggerFactory.getLogger(Log4jLoggerFactory.java:29)
	at org.slf4j.LoggerFactory.getLogger(LoggerFactory.java:358)
	at org.apache.logging.slf4j.SLF4JLoggerContext.getLogger(SLF4JLoggerContext.java:39)
	at org.apache.logging.slf4j.Log4jLoggerFactory.newLogger(Log4jLoggerFactory.java:37)
	at org.apache.logging.slf4j.Log4jLoggerFactory.newLogger(Log4jLoggerFactory.java:29)
	at org.apache.logging.log4j.spi.AbstractLoggerAdapter.getLogger(AbstractLoggerAdapter.java:52)
	at org.apache.logging.slf4j.Log4jLoggerFactory.getLogger(Log4jLoggerFactory.java:29)
	at org.slf4j.LoggerFactory.getLogger(LoggerFactory.java:358)
	at org.apache.logging.slf4j.SLF4JLoggerContext.getLogger(SLF4JLoggerContext.java:39)
	at org.apache.logging.slf4j.Log4jLoggerFactory.newLogger(Log4jLoggerFactory.java:37)
	at org.apache.logging.slf4j.Log4jLoggerFactory.newLogger(Log4jLoggerFactory.java:29)
	at org.apache.logging.log4j.spi.AbstractLoggerAdapter.getLogger(AbstractLoggerAdapter.java:52)
	at org.apache.logging.slf4j.Log4jLoggerFactory.getLogger(Log4jLoggerFactory.java:29)
	at org.slf4j.LoggerFactory.getLogger(LoggerFactory.java:358)
	at org.apache.logging.slf4j.SLF4JLoggerContext.getLogger(SLF4JLoggerContext.java:39)
	at org.apache.logging.slf4j.Log4jLoggerFactory.newLogger(Log4jLoggerFactory.java:37)
	at org.apache.logging.slf4j.Log4jLoggerFactory.newLogger(Log4jLoggerFactory.java:29)
	at org.apache.logging.log4j.spi.AbstractLoggerAdapter.getLogger(AbstractLoggerAdapter.java:52)
	at org.apache.logging.slf4j.Log4jLoggerFactory.getLogger(Log4jLoggerFactory.java:29)
	at org.slf4j.LoggerFactory.getLogger(LoggerFactory.java:358)
	at org.apache.logging.slf4j.SLF4JLoggerContext.getLogger(SLF4JLoggerContext.java:39)
	at org.apache.logging.slf4j.Log4jLoggerFactory.newLogger(Log4jLoggerFactory.java:37)
	at org.apache.logging.slf4j.Log4jLoggerFactory.newLogger(Log4jLoggerFactory.java:29)
	at org.apache.logging.log4j.spi.AbstractLoggerAdapter.getLogger(AbstractLoggerAdapter.java:52)
	at org.apache.logging.slf4j.Log4jLoggerFactory.getLogger(Log4jLoggerFactory.java:29)
	at org.slf4j.LoggerFactory.getLogger(LoggerFactory.java:358)
	at org.apache.logging.slf4j.SLF4JLoggerContext.getLogger(SLF4JLoggerContext.java:39)
	at org.apache.logging.slf4j.Log4jLoggerFactory.newLogger(Log4jLoggerFactory.java:37)
	at org.apache.logging.slf4j.Log4jLoggerFactory.newLogger(Log4jLoggerFactory.java:29)
	at org.apache.logging.log4j.spi.AbstractLoggerAdapter.getLogger(AbstractLoggerAdapter.java:52)
	at org.apache.logging.slf4j.Log4jLoggerFactory.getLogger(Log4jLoggerFactory.java:29)
	at org.slf4j.LoggerFactory.getLogger(LoggerFactory.java:358)
	at org.apache.logging.slf4j.SLF4JLoggerContext.getLogger(SLF4JLoggerContext.java:39)
	at org.apache.logging.slf4j.Log4jLoggerFactory.newLogger(Log4jLoggerFactory.java:37)
	at org.apache.logging.slf4j.Log4jLoggerFactory.newLogger(Log4jLoggerFactory.java:29)
	at org.apache.logging.log4j.spi.AbstractLoggerAdapter.getLogger(AbstractLoggerAdapter.java:52)
	at org.apache.logging.slf4j.Log4jLoggerFactory.getLogger(Log4jLoggerFactory.java:29)
	at org.slf4j.LoggerFactory.getLogger(LoggerFactory.java:358)
	at org.apache.logging.slf4j.SLF4JLoggerContext.getLogger(SLF4JLoggerContext.java:39)
	at org.apache.logging.slf4j.Log4jLoggerFactory.newLogger(Log4jLoggerFactory.java:37)
	at org.apache.logging.slf4j.Log4jLoggerFactory.newLogger(Log4jLoggerFactory.java:29)
	at org.apache.logging.log4j.spi.AbstractLoggerAdapter.getLogger(AbstractLoggerAdapter.java:52)
	at org.apache.logging.slf4j.Log4jLoggerFactory.getLogger(Log4jLoggerFactory.java:29)
	at org.slf4j.LoggerFactory.getLogger(LoggerFactory.java:358)
	at org.apache.logging.slf4j.SLF4JLoggerContext.getLogger(SLF4JLoggerContext.java:39)
	at org.apache.logging.slf4j.Log4jLoggerFactory.newLogger(Log4jLoggerFactory.java:37)
	at org.apache.logging.slf4j.Log4jLoggerFactory.newLogger(Log4jLoggerFactory.java:29)
	at org.apache.logging.log4j.spi.AbstractLoggerAdapter.getLogger(AbstractLoggerAdapter.java:52)
	at org.apache.logging.slf4j.Log4jLoggerFactory.getLogger(Log4jLoggerFactory.java:29)
	at org.slf4j.LoggerFactory.getLogger(LoggerFactory.java:358)
	at org.apache.logging.slf4j.SLF4JLoggerContext.getLogger(SLF4JLoggerContext.java:39)
	at org.apache.logging.slf4j.Log4jLoggerFactory.newLogger(Log4jLoggerFactory.java:37)
	at org.apache.logging.slf4j.Log4jLoggerFactory.newLogger(Log4jLoggerFactory.java:29)
	at org.apache.logging.log4j.spi.AbstractLoggerAdapter.getLogger(AbstractLoggerAdapter.java:52)
	at org.apache.logging.slf4j.Log4jLoggerFactory.getLogger(Log4jLoggerFactory.java:29)
	at org.slf4j.LoggerFactory.getLogger(LoggerFactory.java:358)
	at org.apache.logging.slf4j.SLF4JLoggerContext.getLogger(SLF4JLoggerContext.java:39)
	at org.apache.logging.slf4j.Log4jLoggerFactory.newLogger(Log4jLoggerFactory.java:37)
	at org.apache.logging.slf4j.Log4jLoggerFactory.newLogger(Log4jLoggerFactory.java:29)
	at org.apache.logging.log4j.spi.AbstractLoggerAdapter.getLogger(AbstractLoggerAdapter.java:52)
	at org.apache.logging.slf4j.Log4jLoggerFactory.getLogger(Log4jLoggerFactory.java:29)
	at org.slf4j.LoggerFactory.getLogger(LoggerFactory.java:358)
	at org.apache.logging.slf4j.SLF4JLoggerContext.getLogger(SLF4JLoggerContext.java:39)
	at org.apache.logging.slf4j.Log4jLoggerFactory.newLogger(Log4jLoggerFactory.java:37)
	at org.apache.logging.slf4j.Log4jLoggerFactory.newLogger(Log4jLoggerFactory.java:29)
	at org.apache.logging.log4j.spi.AbstractLoggerAdapter.getLogger(AbstractLoggerAdapter.java:52)
	at org.apache.logging.slf4j.Log4jLoggerFactory.getLogger(Log4jLoggerFactory.java:29)
	at org.slf4j.LoggerFactory.getLogger(LoggerFactory.java:358)
	at org.apache.logging.slf4j.SLF4JLoggerContext.getLogger(SLF4JLoggerContext.java:39)
	at org.apache.logging.slf4j.Log4jLoggerFactory.newLogger(Log4jLoggerFactory.java:37)
	at org.apache.logging.slf4j.Log4jLoggerFactory.newLogger(Log4jLoggerFactory.java:29)
	at org.apache.logging.log4j.spi.AbstractLoggerAdapter.getLogger(AbstractLoggerAdapter.java:52)
	at org.apache.logging.slf4j.Log4jLoggerFactory.getLogger(Log4jLoggerFactory.java:29)
	at org.slf4j.LoggerFactory.getLogger(LoggerFactory.java:358)
	at org.apache.logging.slf4j.SLF4JLoggerContext.getLogger(SLF4JLoggerContext.java:39)
	at org.apache.logging.slf4j.Log4jLoggerFactory.newLogger(Log4jLoggerFactory.java:37)
	at org.apache.logging.slf4j.Log4jLoggerFactory.newLogger(Log4jLoggerFactory.java:29)
	at org.apache.logging.log4j.spi.AbstractLoggerAdapter.getLogger(AbstractLoggerAdapter.java:52)
	at org.apache.logging.slf4j.Log4jLoggerFactory.getLogger(Log4jLoggerFactory.java:29)
	at org.slf4j.LoggerFactory.getLogger(LoggerFactory.java:358)
	at org.apache.logging.slf4j.SLF4JLoggerContext.getLogger(SLF4JLoggerContext.java:39)
	at org.apache.logging.slf4j.Log4jLoggerFactory.newLogger(Log4jLoggerFactory.java:37)
	at org.apache.logging.slf4j.Log4jLoggerFactory.newLogger(Log4jLoggerFactory.java:29)
	at org.apache.logging.log4j.spi.AbstractLoggerAdapter.getLogger(AbstractLoggerAdapter.java:52)
	at org.apache.logging.slf4j.Log4jLoggerFactory.getLogger(Log4jLoggerFactory.java:29)
	at org.slf4j.LoggerFactory.getLogger(LoggerFactory.java:358)
	at org.apache.logging.slf4j.SLF4JLoggerContext.getLogger(SLF4JLoggerContext.java:39)
	at org.apache.logging.slf4j.Log4jLoggerFactory.newLogger(Log4jLoggerFactory.java:37)
	at org.apache.logging.slf4j.Log4jLoggerFactory.newLogger(Log4jLoggerFactory.java:29)
	at org.apache.logging.log4j.spi.AbstractLoggerAdapter.getLogger(AbstractLoggerAdapter.java:52)
	at org.apache.logging.slf4j.Log4jLoggerFactory.getLogger(Log4jLoggerFactory.java:29)
	at org.slf4j.LoggerFactory.getLogger(LoggerFactory.java:358)
	at org.apache.logging.slf4j.SLF4JLoggerContext.getLogger(SLF4JLoggerContext.java:39)
	at org.apache.logging.slf4j.Log4jLoggerFactory.newLogger(Log4jLoggerFactory.java:37)
	at org.apache.logging.slf4j.Log4jLoggerFactory.newLogger(Log4jLoggerFactory.java:29)
	at org.apache.logging.log4j.spi.AbstractLoggerAdapter.getLogger(AbstractLoggerAdapter.java:52)
	at org.apache.logging.slf4j.Log4jLoggerFactory.getLogger(Log4jLoggerFactory.java:29)
	at org.slf4j.LoggerFactory.getLogger(LoggerFactory.java:358)
	at org.apache.logging.slf4j.SLF4JLoggerContext.getLogger(SLF4JLoggerContext.java:39)
	at org.apache.logging.slf4j.Log4jLoggerFactory.newLogger(Log4jLoggerFactory.java:37)
	at org.apache.logging.slf4j.Log4jLoggerFactory.newLogger(Log4jLoggerFactory.java:29)
	at org.apache.logging.log4j.spi.AbstractLoggerAdapter.getLogger(AbstractLoggerAdapter.java:52)
	at org.apache.logging.slf4j.Log4jLoggerFactory.getLogger(Log4jLoggerFactory.java:29)
	at org.slf4j.LoggerFactory.getLogger(LoggerFactory.java:358)
	at org.apache.logging.slf4j.SLF4JLoggerContext.getLogger(SLF4JLoggerContext.java:39)
	at org.apache.logging.slf4j.Log4jLoggerFactory.newLogger(Log4jLoggerFactory.java:37)
	at org.apache.logging.slf4j.Log4jLoggerFactory.newLogger(Log4jLoggerFactory.java:29)
	at org.apache.logging.log4j.spi.AbstractLoggerAdapter.getLogger(AbstractLoggerAdapter.java:52)
	at org.apache.logging.slf4j.Log4jLoggerFactory.getLogger(Log4jLoggerFactory.java:29)
	at org.slf4j.LoggerFactory.getLogger(LoggerFactory.java:358)
	at org.apache.logging.slf4j.SLF4JLoggerContext.getLogger(SLF4JLoggerContext.java:39)
	at org.apache.logging.slf4j.Log4jLoggerFactory.newLogger(Log4jLoggerFactory.java:37)
	at org.apache.logging.slf4j.Log4jLoggerFactory.newLogger(Log4jLoggerFactory.java:29)
	at org.apache.logging.log4j.spi.AbstractLoggerAdapter.getLogger(AbstractLoggerAdapter.java:52)
	at org.apache.logging.slf4j.Log4jLoggerFactory.getLogger(Log4jLoggerFactory.java:29)
	at org.slf4j.LoggerFactory.getLogger(LoggerFactory.java:358)
	at org.apache.logging.slf4j.SLF4JLoggerContext.getLogger(SLF4JLoggerContext.java:39)
	at org.apache.logging.slf4j.Log4jLoggerFactory.newLogger(Log4jLoggerFactory.java:37)
	at org.apache.logging.slf4j.Log4jLoggerFactory.newLogger(Log4jLoggerFactory.java:29)
	at org.apache.logging.log4j.spi.AbstractLoggerAdapter.getLogger(AbstractLoggerAdapter.java:52)
	at org.apache.logging.slf4j.Log4jLoggerFactory.getLogger(Log4jLoggerFactory.java:29)
	at org.slf4j.LoggerFactory.getLogger(LoggerFactory.java:358)
	at org.apache.logging.slf4j.SLF4JLoggerContext.getLogger(SLF4JLoggerContext.java:39)
	at org.apache.logging.slf4j.Log4jLoggerFactory.newLogger(Log4jLoggerFactory.java:37)
	at org.apache.logging.slf4j.Log4jLoggerFactory.newLogger(Log4jLoggerFactory.java:29)
	at org.apache.logging.log4j.spi.AbstractLoggerAdapter.getLogger(AbstractLoggerAdapter.java:52)
	at org.apache.logging.slf4j.Log4jLoggerFactory.getLogger(Log4jLoggerFactory.java:29)
	at org.slf4j.LoggerFactory.getLogger(LoggerFactory.java:358)
	at org.apache.logging.slf4j.SLF4JLoggerContext.getLogger(SLF4JLoggerContext.java:39)
	at org.apache.logging.slf4j.Log4jLoggerFactory.newLogger(Log4jLoggerFactory.java:37)
	at org.apache.logging.slf4j.Log4jLoggerFactory.newLogger(Log4jLoggerFactory.java:29)
[...]
	at org.apache.logging.slf4j.Log4jLoggerFactory.newLogger(Log4jLoggerFactory.java:29)
	at org.apache.logging.log4j.spi.AbstractLoggerAdapter.getLogger(AbstractLoggerAdapter.java:52)
	at org.apache.logging.slf4j.Log4jLoggerFactory.getLogger(Log4jLoggerFactory.java:29)
	at org.slf4j.LoggerFactory.getLogger(LoggerFactory.java:358)
	at org.apache.logging.slf4j.SLF4JLoggerContext.getLogger(SLF4JLoggerContext.java:39)
	at org.apache.logging.slf4j.Log4jLoggerFactory.newLogger(Log4jLoggerFactory.java:37)
	at org.apache.logging.slf4j.Log4jLoggerFactory.newLogger(Log4jLoggerFactory.java:29)
	at org.apache.logging.log4j.spi.AbstractLoggerAdapter.getLogger(AbstractLoggerAdapter.java:52)
	at org.apache.logging.slf4j.Log4jLoggerFactory.getLogger(Log4jLoggerFactory.java:29)
	at org.slf4j.LoggerFactory.getLogger(LoggerFactory.java:358)
	at org.apache.logging.slf4j.SLF4JLoggerContext.getLogger(SLF4JLoggerContext.java:39)
	at org.apache.logging.slf4j.Log4jLoggerFactory.newLogger(Log4jLoggerFactory.java:37)
	at org.apache.logging.slf4j.Log4jLoggerFactory.newLogger(Log4jLoggerFactory.java:29)
	at org.apache.logging.log4j.spi.AbstractLoggerAdapter.getLogger(AbstractLoggerAdapter.java:52)
	at org.apache.logging.slf4j.Log4jLoggerFactory.getLogger(Log4jLoggerFactory.java:29)
	at org.slf4j.LoggerFactory.getLogger(LoggerFactory.java:358)
	at org.apache.logging.slf4j.SLF4JLoggerContext.getLogger(SLF4JLoggerContext.java:39)
	at org.apache.logging.slf4j.Log4jLoggerFactory.newLogger(Log4jLoggerFactory.java:37)
	at org.apache.logging.slf4j.Log4jLoggerFactory.newLogger(Log4jLoggerFactory.java:29)
	at org.apache.logging.log4j.spi.AbstractLoggerAdapter.getLogger(AbstractLoggerAdapter.java:52)
	at org.apache.logging.slf4j.Log4jLoggerFactory.getLogger(Log4jLoggerFactory.java:29)
	at org.slf4j.LoggerFactory.getLogger(LoggerFactory.java:358)
	at org.apache.logging.slf4j.SLF4JLoggerContext.getLogger(SLF4JLoggerContext.java:39)
	at org.apache.logging.slf4j.Log4jLoggerFactory.newLogger(Log4jLoggerFactory.java:37)
	at org.apache.logging.slf4j.Log4jLoggerFactory.newLogger(Log4jLoggerFactory.java:29)
	at org.apache.logging.log4j.spi.AbstractLoggerAdapter.getLogger(AbstractLoggerAdapter.java:52)
	at org.apache.logging.slf4j.Log4jLoggerFactory.getLogger(Log4jLoggerFactory.java:29)
	at org.slf4j.LoggerFactory.getLogger(LoggerFactory.java:358)
	at org.apache.logging.slf4j.SLF4JLoggerContext.getLogger(SLF4JLoggerContext.java:39)
	at org.apache.logging.slf4j.Log4jLoggerFactory.newLogger(Log4jLoggerFactory.java:37)
	at org.apache.logging.slf4j.Log4jLoggerFactory.newLogger(Log4jLoggerFactory.java:29)
	at org.apache.logging.log4j.spi.AbstractLoggerAdapter.getLogger(AbstractLoggerAdapter.java:52)
	at org.apache.logging.slf4j.Log4jLoggerFactory.getLogger(Log4jLoggerFactory.java:29)
	at org.slf4j.LoggerFactory.getLogger(LoggerFactory.java:358)
	at org.apache.logging.slf4j.SLF4JLoggerContext.getLogger(SLF4JLoggerContext.java:39)
	at org.apache.logging.slf4j.Log4jLoggerFactory.newLogger(Log4jLoggerFactory.java:37)
	at org.apache.logging.slf4j.Log4jLoggerFactory.newLogger(Log4jLoggerFactory.java:29)
	at org.apache.logging.log4j.spi.AbstractLoggerAdapter.getLogger(AbstractLoggerAdapter.java:52)
	at org.apache.logging.slf4j.Log4jLoggerFactory.getLogger(Log4jLoggerFactory.java:29)
	at org.slf4j.LoggerFactory.getLogger(LoggerFactory.java:358)
	at org.apache.logging.slf4j.SLF4JLoggerContext.getLogger(SLF4JLoggerContext.java:39)
	at org.apache.logging.slf4j.Log4jLoggerFactory.newLogger(Log4jLoggerFactory.java:37)
	at org.apache.logging.slf4j.Log4jLoggerFactory.newLogger(Log4jLoggerFactory.java:29)
	at org.apache.logging.log4j.spi.AbstractLoggerAdapter.getLogger(AbstractLoggerAdapter.java:52)
	at org.apache.logging.slf4j.Log4jLoggerFactory.getLogger(Log4jLoggerFactory.java:29)
	at org.slf4j.LoggerFactory.getLogger(LoggerFactory.java:358)
	at org.apache.logging.slf4j.SLF4JLoggerContext.getLogger(SLF4JLoggerContext.java:39)
	at org.apache.logging.slf4j.Log4jLoggerFactory.newLogger(Log4jLoggerFactory.java:37)
	at org.apache.logging.slf4j.Log4jLoggerFactory.newLogger(Log4jLoggerFactory.java:29)
	at org.apache.logging.log4j.spi.AbstractLoggerAdapter.getLogger(AbstractLoggerAdapter.java:52)
	at org.apache.logging.slf4j.Log4jLoggerFactory.getLogger(Log4jLoggerFactory.java:29)
	at org.slf4j.LoggerFactory.getLogger(LoggerFactory.java:358)
	at org.apache.logging.slf4j.SLF4JLoggerContext.getLogger(SLF4JLoggerContext.java:39)
	at org.apache.logging.slf4j.Log4jLoggerFactory.newLogger(Log4jLoggerFactory.java:37)
	at org.apache.logging.slf4j.Log4jLoggerFactory.newLogger(Log4jLoggerFactory.java:29)
	at org.apache.logging.log4j.spi.AbstractLoggerAdapter.getLogger(AbstractLoggerAdapter.java:52)
	at org.apache.logging.slf4j.Log4jLoggerFactory.getLogger(Log4jLoggerFactory.java:29)
	at org.slf4j.LoggerFactory.getLogger(LoggerFactory.java:358)
	at org.apache.logging.slf4j.SLF4JLoggerContext.getLogger(SLF4JLoggerContext.java:39)
	at org.apache.logging.slf4j.Log4jLoggerFactory.newLogger(Log4jLoggerFactory.java:37)
	at org.apache.logging.slf4j.Log4jLoggerFactory.newLogger(Log4jLoggerFactory.java:29)
	at org.apache.logging.log4j.spi.AbstractLoggerAdapter.getLogger(AbstractLoggerAdapter.java:52)
	at org.apache.logging.slf4j.Log4jLoggerFactory.getLogger(Log4jLoggerFactory.java:29)
	at org.slf4j.LoggerFactory.getLogger(LoggerFactory.java:358)
	at org.apache.logging.slf4j.SLF4JLoggerContext.getLogger(SLF4JLoggerContext.java:39)
	at org.apache.logging.slf4j.Log4jLoggerFactory.newLogger(Log4jLoggerFactory.java:37)
	at org.apache.logging.slf4j.Log4jLoggerFactory.newLogger(Log4jLoggerFactory.java:29)
	at org.apache.logging.log4j.spi.AbstractLoggerAdapter.getLogger(AbstractLoggerAdapter.java:52)
	at org.apache.logging.slf4j.Log4jLoggerFactory.getLogger(Log4jLoggerFactory.java:29)
	at org.slf4j.LoggerFactory.getLogger(LoggerFactory.java:358)
	at org.apache.logging.slf4j.SLF4JLoggerContext.getLogger(SLF4JLoggerContext.java:39)
	at org.apache.logging.slf4j.Log4jLoggerFactory.newLogger(Log4jLoggerFactory.java:37)
	at org.apache.logging.slf4j.Log4jLoggerFactory.newLogger(Log4jLoggerFactory.java:29)
	at org.apache.logging.log4j.spi.AbstractLoggerAdapter.getLogger(AbstractLoggerAdapter.java:52)
	at org.apache.logging.slf4j.Log4jLoggerFactory.getLogger(Log4jLoggerFactory.java:29)
	at org.slf4j.LoggerFactory.getLogger(LoggerFactory.java:358)
	at org.apache.logging.slf4j.SLF4JLoggerContext.getLogger(SLF4JLoggerContext.java:39)
	at org.apache.logging.slf4j.Log4jLoggerFactory.newLogger(Log4jLoggerFactory.java:37)
	at org.apache.logging.slf4j.Log4jLoggerFactory.newLogger(Log4jLoggerFactory.java:29)
	at org.apache.logging.log4j.spi.AbstractLoggerAdapter.getLogger(AbstractLoggerAdapter.java:52)
	at org.apache.logging.slf4j.Log4jLoggerFactory.getLogger(Log4jLoggerFactory.java:29)
	at org.slf4j.LoggerFactory.getLogger(LoggerFactory.java:358)
	at org.apache.logging.slf4j.SLF4JLoggerContext.getLogger(SLF4JLoggerContext.java:39)
	at org.apache.logging.slf4j.Log4jLoggerFactory.newLogger(Log4jLoggerFactory.java:37)
	at org.apache.logging.slf4j.Log4jLoggerFactory.newLogger(Log4jLoggerFactory.java:29)
	at org.apache.logging.log4j.spi.AbstractLoggerAdapter.getLogger(AbstractLoggerAdapter.java:52)
	at org.apache.logging.slf4j.Log4jLoggerFactory.getLogger(Log4jLoggerFactory.java:29)
	at org.slf4j.LoggerFactory.getLogger(LoggerFactory.java:358)
	at org.apache.logging.slf4j.SLF4JLoggerContext.getLogger(SLF4JLoggerContext.java:39)
	at org.apache.logging.slf4j.Log4jLoggerFactory.newLogger(Log4jLoggerFactory.java:37)
	at org.apache.logging.slf4j.Log4jLoggerFactory.newLogger(Log4jLoggerFactory.java:29)
	at org.apache.logging.log4j.spi.AbstractLoggerAdapter.getLogger(AbstractLoggerAdapter.java:52)
	at org.apache.logging.slf4j.Log4jLoggerFactory.getLogger(Log4jLoggerFactory.java:29)
	at org.slf4j.LoggerFactory.getLogger(LoggerFactory.java:358)
	at org.apache.logging.slf4j.SLF4JLoggerContext.getLogger(SLF4JLoggerContext.java:39)
	at org.apache.logging.slf4j.Log4jLoggerFactory.newLogger(Log4jLoggerFactory.java:37)
	at org.apache.logging.slf4j.Log4jLoggerFactory.newLogger(Log4jLoggerFactory.java:29)
	at org.apache.logging.log4j.spi.AbstractLoggerAdapter.getLogger(AbstractLoggerAdapter.java:52)
	at org.apache.logging.slf4j.Log4jLoggerFactory.getLogger(Log4jLoggerFactory.java:29)
	at org.slf4j.LoggerFactory.getLogger(LoggerFactory.java:358)
	at org.apache.logging.slf4j.SLF4JLoggerContext.getLogger(SLF4JLoggerContext.java:39)
	at org.apache.logging.slf4j.Log4jLoggerFactory.newLogger(Log4jLoggerFactory.java:37)
	at org.apache.logging.slf4j.Log4jLoggerFactory.newLogger(Log4jLoggerFactory.java:29)
	at org.apache.logging.log4j.spi.AbstractLoggerAdapter.getLogger(AbstractLoggerAdapter.java:52)
	at org.apache.logging.slf4j.Log4jLoggerFactory.getLogger(Log4jLoggerFactory.java:29)
	at org.slf4j.LoggerFactory.getLogger(LoggerFactory.java:358)
	at org.apache.logging.slf4j.SLF4JLoggerContext.getLogger(SLF4JLoggerContext.java:39)
	at org.apache.logging.slf4j.Log4jLoggerFactory.newLogger(Log4jLoggerFactory.java:37)
	at org.apache.logging.slf4j.Log4jLoggerFactory.newLogger(Log4jLoggerFactory.java:29)
	at org.apache.logging.log4j.spi.AbstractLoggerAdapter.getLogger(AbstractLoggerAdapter.java:52)
	at org.apache.logging.slf4j.Log4jLoggerFactory.getLogger(Log4jLoggerFactory.java:29)
	at org.slf4j.LoggerFactory.getLogger(LoggerFactory.java:358)
	at org.apache.logging.slf4j.SLF4JLoggerContext.getLogger(SLF4JLoggerContext.java:39)
	at org.apache.logging.slf4j.Log4jLoggerFactory.newLogger(Log4jLoggerFactory.java:37)
	at org.apache.logging.slf4j.Log4jLoggerFactory.newLogger(Log4jLoggerFactory.java:29)
	at org.apache.logging.log4j.spi.AbstractLoggerAdapter.getLogger(AbstractLoggerAdapter.java:52)
	at org.apache.logging.slf4j.Log4jLoggerFactory.getLogger(Log4jLoggerFactory.java:29)
	at org.slf4j.LoggerFactory.getLogger(LoggerFactory.java:358)
	at org.apache.logging.slf4j.SLF4JLoggerContext.getLogger(SLF4JLoggerContext.java:39)
	at org.apache.logging.slf4j.Log4jLoggerFactory.newLogger(Log4jLoggerFactory.java:37)
	at org.apache.logging.slf4j.Log4jLoggerFactory.newLogger(Log4jLoggerFactory.java:29)
	at org.apache.logging.log4j.spi.AbstractLoggerAdapter.getLogger(AbstractLoggerAdapter.java:52)
	at org.apache.logging.slf4j.Log4jLoggerFactory.getLogger(Log4jLoggerFactory.java:29)
	at org.slf4j.LoggerFactory.getLogger(LoggerFactory.java:358)
	at org.apache.logging.slf4j.SLF4JLoggerContext.getLogger(SLF4JLoggerContext.java:39)
	at org.apache.logging.slf4j.Log4jLoggerFactory.newLogger(Log4jLoggerFactory.java:37)
	at org.apache.logging.slf4j.Log4jLoggerFactory.newLogger(Log4jLoggerFactory.java:29)
	at org.apache.logging.log4j.spi.AbstractLoggerAdapter.getLogger(AbstractLoggerAdapter.java:52)
	at org.apache.logging.slf4j.Log4jLoggerFactory.getLogger(Log4jLoggerFactory.java:29)
	at org.slf4j.LoggerFactory.getLogger(LoggerFactory.java:358)
	at org.apache.logging.slf4j.SLF4JLoggerContext.getLogger(SLF4JLoggerContext.java:39)
	at org.apache.logging.slf4j.Log4jLoggerFactory.newLogger(Log4jLoggerFactory.java:37)
	at org.apache.logging.slf4j.Log4jLoggerFactory.newLogger(Log4jLoggerFactory.java:29)
	at org.apache.logging.log4j.spi.AbstractLoggerAdapter.getLogger(AbstractLoggerAdapter.java:52)
	at org.apache.logging.slf4j.Log4jLoggerFactory.getLogger(Log4jLoggerFactory.java:29)
	at org.slf4j.LoggerFactory.getLogger(LoggerFactory.java:358)
	at org.apache.logging.slf4j.SLF4JLoggerContext.getLogger(SLF4JLoggerContext.java:39)
	at org.apache.logging.slf4j.Log4jLoggerFactory.newLogger(Log4jLoggerFactory.java:37)
	at org.apache.logging.slf4j.Log4jLoggerFactory.newLogger(Log4jLoggerFactory.java:29)
	at org.apache.logging.log4j.spi.AbstractLoggerAdapter.getLogger(AbstractLoggerAdapter.java:52)
	at org.apache.logging.slf4j.Log4jLoggerFactory.getLogger(Log4jLoggerFactory.java:29)
	at org.slf4j.LoggerFactory.getLogger(LoggerFactory.java:358)
	at org.apache.logging.slf4j.SLF4JLoggerContext.getLogger(SLF4JLoggerContext.java:39)
	at org.apache.logging.slf4j.Log4jLoggerFactory.newLogger(Log4jLoggerFactory.java:37)
	at org.apache.logging.slf4j.Log4jLoggerFactory.newLogger(Log4jLoggerFactory.java:29)
	at org.apache.logging.log4j.spi.AbstractLoggerAdapter.getLogger(AbstractLoggerAdapter.java:52)
	at org.apache.logging.slf4j.Log4jLoggerFactory.getLogger(Log4jLoggerFactory.java:29)
	at org.slf4j.LoggerFactory.getLogger(LoggerFactory.java:358)
	at org.apache.logging.slf4j.SLF4JLoggerContext.getLogger(SLF4JLoggerContext.java:39)
	at org.apache.logging.slf4j.Log4jLoggerFactory.newLogger(Log4jLoggerFactory.java:37)
	at org.apache.logging.slf4j.Log4jLoggerFactory.newLogger(Log4jLoggerFactory.java:29)
	at org.apache.logging.log4j.spi.AbstractLoggerAdapter.getLogger(AbstractLoggerAdapter.java:52)
	at org.apache.logging.slf4j.Log4jLoggerFactory.getLogger(Log4jLoggerFactory.java:29)
	at org.slf4j.LoggerFactory.getLogger(LoggerFactory.java:358)
	at org.apache.logging.slf4j.SLF4JLoggerContext.getLogger(SLF4JLoggerContext.java:39)
	at org.apache.logging.slf4j.Log4jLoggerFactory.newLogger(Log4jLoggerFactory.java:37)
	at org.apache.logging.slf4j.Log4jLoggerFactory.newLogger(Log4jLoggerFactory.java:29)
	at org.apache.logging.log4j.spi.AbstractLoggerAdapter.getLogger(AbstractLoggerAdapter.java:52)
	at org.apache.logging.slf4j.Log4jLoggerFactory.getLogger(Log4jLoggerFactory.java:29)
	at org.slf4j.LoggerFactory.getLogger(LoggerFactory.java:358)
	at org.apache.logging.slf4j.SLF4JLoggerContext.getLogger(SLF4JLoggerContext.java:39)
	at org.apache.logging.slf4j.Log4jLoggerFactory.newLogger(Log4jLoggerFactory.java:37)
	at org.apache.logging.slf4j.Log4jLoggerFactory.newLogger(Log4jLoggerFactory.java:29)
	at org.apache.logging.log4j.spi.AbstractLoggerAdapter.getLogger(AbstractLoggerAdapter.java:52)
	at org.apache.logging.slf4j.Log4jLoggerFactory.getLogger(Log4jLoggerFactory.java:29)
	at org.slf4j.LoggerFactory.getLogger(LoggerFactory.java:358)
	at org.apache.logging.slf4j.SLF4JLoggerContext.getLogger(SLF4JLoggerContext.java:39)
	at org.apache.logging.slf4j.Log4jLoggerFactory.newLogger(Log4jLoggerFactory.java:37)
	at org.apache.logging.slf4j.Log4jLoggerFactory.newLogger(Log4jLoggerFactory.java:29)
	at org.apache.logging.log4j.spi.AbstractLoggerAdapter.getLogger(AbstractLoggerAdapter.java:52)
	at org.apache.logging.slf4j.Log4jLoggerFactory.getLogger(Log4jLoggerFactory.java:29)
	at org.slf4j.LoggerFactory.getLogger(LoggerFactory.java:358)
	at org.apache.logging.slf4j.SLF4JLoggerContext.getLogger(SLF4JLoggerContext.java:39)
	at org.apache.logging.slf4j.Log4jLoggerFactory.newLogger(Log4jLoggerFactory.java:37)
	at org.apache.logging.slf4j.Log4jLoggerFactory.newLogger(Log4jLoggerFactory.java:29)
	at org.apache.logging.log4j.spi.AbstractLoggerAdapter.getLogger(AbstractLoggerAdapter.java:52)
	at org.apache.logging.slf4j.Log4jLoggerFactory.getLogger(Log4jLoggerFactory.java:29)
	at org.slf4j.LoggerFactory.getLogger(LoggerFactory.java:358)
	at org.apache.logging.slf4j.SLF4JLoggerContext.getLogger(SLF4JLoggerContext.java:39)
	at org.apache.logging.slf4j.Log4jLoggerFactory.newLogger(Log4jLoggerFactory.java:37)
	at org.apache.logging.slf4j.Log4jLoggerFactory.newLogger(Log4jLoggerFactory.java:29)
	at org.apache.logging.log4j.spi.AbstractLoggerAdapter.getLogger(AbstractLoggerAdapter.java:52)
	at org.apache.logging.slf4j.Log4jLoggerFactory.getLogger(Log4jLoggerFactory.java:29)
	at org.slf4j.LoggerFactory.getLogger(LoggerFactory.java:358)
	at org.apache.logging.slf4j.SLF4JLoggerContext.getLogger(SLF4JLoggerContext.java:39)
	at org.apache.logging.slf4j.Log4jLoggerFactory.newLogger(Log4jLoggerFactory.java:37)
	at org.apache.logging.slf4j.Log4jLoggerFactory.newLogger(Log4jLoggerFactory.java:29)
	at org.apache.logging.log4j.spi.AbstractLoggerAdapter.getLogger(AbstractLoggerAdapter.java:52)
	at org.apache.logging.slf4j.Log4jLoggerFactory.getLogger(Log4jLoggerFactory.java:29)
	at org.slf4j.LoggerFactory.getLogger(LoggerFactory.java:358)
	at org.apache.logging.slf4j.SLF4JLoggerContext.getLogger(SLF4JLoggerContext.java:39)
	at org.apache.logging.slf4j.Log4jLoggerFactory.newLogger(Log4jLoggerFactory.java:37)
	at org.apache.logging.slf4j.Log4jLoggerFactory.newLogger(Log4jLoggerFactory.java:29)
	at org.apache.logging.log4j.spi.AbstractLoggerAdapter.getLogger(AbstractLoggerAdapter.java:52)
	at org.apache.logging.slf4j.Log4jLoggerFactory.getLogger(Log4jLoggerFactory.java:29)
	at org.slf4j.LoggerFactory.getLogger(LoggerFactory.java:358)
	at org.apache.logging.slf4j.SLF4JLoggerContext.getLogger(SLF4JLoggerContext.java:39)
	at org.apache.logging.slf4j.Log4jLoggerFactory.newLogger(Log4jLoggerFactory.java:37)
	at org.apache.logging.slf4j.Log4jLoggerFactory.newLogger(Log4jLoggerFactory.java:29)
	at org.apache.logging.log4j.spi.AbstractLoggerAdapter.getLogger(AbstractLoggerAdapter.java:52)
	at org.apache.logging.slf4j.Log4jLoggerFactory.getLogger(Log4jLoggerFactory.java:29)
	at org.slf4j.LoggerFactory.getLogger(LoggerFactory.java:358)
	at org.apache.logging.slf4j.SLF4JLoggerContext.getLogger(SLF4JLoggerContext.java:39)
	at org.apache.logging.slf4j.Log4jLoggerFactory.newLogger(Log4jLoggerFactory.java:37)
	at org.apache.logging.slf4j.Log4jLoggerFactory.newLogger(Log4jLoggerFactory.java:29)
	at org.apache.logging.log4j.spi.AbstractLoggerAdapter.getLogger(AbstractLoggerAdapter.java:52)
	at org.apache.logging.slf4j.Log4jLoggerFactory.getLogger(Log4jLoggerFactory.java:29)
	at org.slf4j.LoggerFactory.getLogger(LoggerFactory.java:358)
	at org.apache.logging.slf4j.SLF4JLoggerContext.getLogger(SLF4JLoggerContext.java:39)
	at org.apache.logging.slf4j.Log4jLoggerFactory.newLogger(Log4jLoggerFactory.java:37)
	at org.apache.logging.slf4j.Log4jLoggerFactory.newLogger(Log4jLoggerFactory.java:29)
	at org.apache.logging.log4j.spi.AbstractLoggerAdapter.getLogger(AbstractLoggerAdapter.java:52)
	at org.apache.logging.slf4j.Log4jLoggerFactory.getLogger(Log4jLoggerFactory.java:29)
	at org.slf4j.LoggerFactory.getLogger(LoggerFactory.java:358)
	at org.apache.logging.slf4j.SLF4JLoggerContext.getLogger(SLF4JLoggerContext.java:39)
	at org.apache.logging.slf4j.Log4jLoggerFactory.newLogger(Log4jLoggerFactory.java:37)
	at org.apache.logging.slf4j.Log4jLoggerFactory.newLogger(Log4jLoggerFactory.java:29)
	at org.apache.logging.log4j.spi.AbstractLoggerAdapter.getLogger(AbstractLoggerAdapter.java:52)
	at org.apache.logging.slf4j.Log4jLoggerFactory.getLogger(Log4jLoggerFactory.java:29)
	at org.slf4j.LoggerFactory.getLogger(LoggerFactory.java:358)
	at org.apache.logging.slf4j.SLF4JLoggerContext.getLogger(SLF4JLoggerContext.java:39)
	at org.apache.logging.slf4j.Log4jLoggerFactory.newLogger(Log4jLoggerFactory.java:37)
	at org.apache.logging.slf4j.Log4jLoggerFactory.newLogger(Log4jLoggerFactory.java:29)
	at org.apache.logging.log4j.spi.AbstractLoggerAdapter.getLogger(AbstractLoggerAdapter.java:52)
	at org.apache.logging.slf4j.Log4jLoggerFactory.getLogger(Log4jLoggerFactory.java:29)
	at org.slf4j.LoggerFactory.getLogger(LoggerFactory.java:358)
	at org.apache.logging.slf4j.SLF4JLoggerContext.getLogger(SLF4JLoggerContext.java:39)
	at org.apache.logging.slf4j.Log4jLoggerFactory.newLogger(Log4jLoggerFactory.java:37)
	at org.apache.logging.slf4j.Log4jLoggerFactory.newLogger(Log4jLoggerFactory.java:29)
	at org.apache.logging.log4j.spi.AbstractLoggerAdapter.getLogger(AbstractLoggerAdapter.java:52)
]]>
            </full-stacktrace>
          </exception> <!-- java.lang.StackOverflowError -->
          <reporter-output>
          </reporter-output>
        </test-method> <!-- verifyClickOnServicesLinkTest -->
        <test-method status="SKIP" signature="Close()[pri:0, instance:TestCases.HomePageTestCases$HomePageTest@370736d9]" name="Close" is-config="true" duration-ms="0" started-at="2018-06-21T08:25:50Z" finished-at="2018-06-21T08:25:50Z">
          <reporter-output>
          </reporter-output>
        </test-method> <!-- Close -->
      </class> <!-- TestCases.HomePageTestCases$HomePageTest -->
    </test> <!-- Default test -->
  </suite> <!-- Default suite -->
</testng-results>
